---------------------------------------------------------------

[2023-02-12T15:18:09+08:00] 127.0.0.1 GET www.thinkphp5.com/index/index/useNameSpace
[运行时间：0.039142s] [吞吐率：25.55req/s] [内存消耗：1,686.38kb] [文件加载：56]
[ info ] [ LANG ] D:\phpstudy_pro\WWW\imooc_tp5\thinkphp\lang\zh-cn.php
[ info ] [ ROUTE ] array (
)
[ info ] [ HEADER ] array (
  'accept-language' => 'zh-CN,zh;q=0.9',
  'accept-encoding' => 'gzip, deflate',
  'accept' => 'text/html,application/xhtml+xml,application/xml;q=0.9,image/avif,image/webp,image/apng,*/*;q=0.8,application/signed-exchange;v=b3;q=0.9',
  'user-agent' => 'Mozilla/5.0 (Windows NT 10.0; Win64; x64) AppleWebKit/537.36 (KHTML, like Gecko) Chrome/109.0.0.0 Safari/537.36',
  'upgrade-insecure-requests' => '1',
  'connection' => 'keep-alive',
  'host' => 'www.thinkphp5.com',
  'content-length' => '',
  'content-type' => '',
)
[ info ] [ PARAM ] array (
)
---------------------------------------------------------------

[2023-02-12T15:21:15+08:00] 127.0.0.1 GET www.thinkphp5.com/index/index/useNameSpace
[运行时间：0.588896s] [吞吐率：1.70req/s] [内存消耗：1,686.48kb] [文件加载：56]
[ info ] [ LANG ] D:\phpstudy_pro\WWW\imooc_tp5\thinkphp\lang\zh-cn.php
[ info ] [ ROUTE ] array (
)
[ info ] [ HEADER ] array (
  'accept-language' => 'zh-CN,zh;q=0.9',
  'accept-encoding' => 'gzip, deflate',
  'accept' => 'text/html,application/xhtml+xml,application/xml;q=0.9,image/avif,image/webp,image/apng,*/*;q=0.8,application/signed-exchange;v=b3;q=0.9',
  'user-agent' => 'Mozilla/5.0 (Windows NT 10.0; Win64; x64) AppleWebKit/537.36 (KHTML, like Gecko) Chrome/109.0.0.0 Safari/537.36',
  'upgrade-insecure-requests' => '1',
  'cache-control' => 'max-age=0',
  'connection' => 'keep-alive',
  'host' => 'www.thinkphp5.com',
  'content-length' => '',
  'content-type' => '',
)
[ info ] [ PARAM ] array (
)
---------------------------------------------------------------

[2023-02-12T15:21:17+08:00] 127.0.0.1 GET www.thinkphp5.com/index/index/useNameSpace
[运行时间：0.013989s] [吞吐率：71.48req/s] [内存消耗：1,686.48kb] [文件加载：56]
[ info ] [ LANG ] D:\phpstudy_pro\WWW\imooc_tp5\thinkphp\lang\zh-cn.php
[ info ] [ ROUTE ] array (
)
[ info ] [ HEADER ] array (
  'accept-language' => 'zh-CN,zh;q=0.9',
  'accept-encoding' => 'gzip, deflate',
  'accept' => 'text/html,application/xhtml+xml,application/xml;q=0.9,image/avif,image/webp,image/apng,*/*;q=0.8,application/signed-exchange;v=b3;q=0.9',
  'user-agent' => 'Mozilla/5.0 (Windows NT 10.0; Win64; x64) AppleWebKit/537.36 (KHTML, like Gecko) Chrome/109.0.0.0 Safari/537.36',
  'upgrade-insecure-requests' => '1',
  'cache-control' => 'max-age=0',
  'connection' => 'keep-alive',
  'host' => 'www.thinkphp5.com',
  'content-length' => '',
  'content-type' => '',
)
[ info ] [ PARAM ] array (
)
---------------------------------------------------------------

[2023-02-12T15:21:18+08:00] 127.0.0.1 GET www.thinkphp5.com/index/index/useNameSpace
[运行时间：0.014839s] [吞吐率：67.39req/s] [内存消耗：1,686.48kb] [文件加载：56]
[ info ] [ LANG ] D:\phpstudy_pro\WWW\imooc_tp5\thinkphp\lang\zh-cn.php
[ info ] [ ROUTE ] array (
)
[ info ] [ HEADER ] array (
  'accept-language' => 'zh-CN,zh;q=0.9',
  'accept-encoding' => 'gzip, deflate',
  'accept' => 'text/html,application/xhtml+xml,application/xml;q=0.9,image/avif,image/webp,image/apng,*/*;q=0.8,application/signed-exchange;v=b3;q=0.9',
  'user-agent' => 'Mozilla/5.0 (Windows NT 10.0; Win64; x64) AppleWebKit/537.36 (KHTML, like Gecko) Chrome/109.0.0.0 Safari/537.36',
  'upgrade-insecure-requests' => '1',
  'cache-control' => 'max-age=0',
  'connection' => 'keep-alive',
  'host' => 'www.thinkphp5.com',
  'content-length' => '',
  'content-type' => '',
)
[ info ] [ PARAM ] array (
)
---------------------------------------------------------------

[2023-02-12T15:21:18+08:00] 127.0.0.1 GET www.thinkphp5.com/index/index/useNameSpace
[运行时间：0.017140s] [吞吐率：58.34req/s] [内存消耗：1,686.48kb] [文件加载：56]
[ info ] [ LANG ] D:\phpstudy_pro\WWW\imooc_tp5\thinkphp\lang\zh-cn.php
[ info ] [ ROUTE ] array (
)
[ info ] [ HEADER ] array (
  'accept-language' => 'zh-CN,zh;q=0.9',
  'accept-encoding' => 'gzip, deflate',
  'accept' => 'text/html,application/xhtml+xml,application/xml;q=0.9,image/avif,image/webp,image/apng,*/*;q=0.8,application/signed-exchange;v=b3;q=0.9',
  'user-agent' => 'Mozilla/5.0 (Windows NT 10.0; Win64; x64) AppleWebKit/537.36 (KHTML, like Gecko) Chrome/109.0.0.0 Safari/537.36',
  'upgrade-insecure-requests' => '1',
  'cache-control' => 'max-age=0',
  'connection' => 'keep-alive',
  'host' => 'www.thinkphp5.com',
  'content-length' => '',
  'content-type' => '',
)
[ info ] [ PARAM ] array (
)
---------------------------------------------------------------

[2023-02-12T15:21:18+08:00] 127.0.0.1 GET www.thinkphp5.com/index/index/useNameSpace
[运行时间：0.013591s] [吞吐率：73.58req/s] [内存消耗：1,686.48kb] [文件加载：56]
[ info ] [ LANG ] D:\phpstudy_pro\WWW\imooc_tp5\thinkphp\lang\zh-cn.php
[ info ] [ ROUTE ] array (
)
[ info ] [ HEADER ] array (
  'accept-language' => 'zh-CN,zh;q=0.9',
  'accept-encoding' => 'gzip, deflate',
  'accept' => 'text/html,application/xhtml+xml,application/xml;q=0.9,image/avif,image/webp,image/apng,*/*;q=0.8,application/signed-exchange;v=b3;q=0.9',
  'user-agent' => 'Mozilla/5.0 (Windows NT 10.0; Win64; x64) AppleWebKit/537.36 (KHTML, like Gecko) Chrome/109.0.0.0 Safari/537.36',
  'upgrade-insecure-requests' => '1',
  'cache-control' => 'max-age=0',
  'connection' => 'keep-alive',
  'host' => 'www.thinkphp5.com',
  'content-length' => '',
  'content-type' => '',
)
[ info ] [ PARAM ] array (
)
---------------------------------------------------------------

[2023-02-12T15:21:19+08:00] 127.0.0.1 GET www.thinkphp5.com/index/index/useNameSpace
[运行时间：0.015487s] [吞吐率：64.57req/s] [内存消耗：1,686.48kb] [文件加载：56]
[ info ] [ LANG ] D:\phpstudy_pro\WWW\imooc_tp5\thinkphp\lang\zh-cn.php
[ info ] [ ROUTE ] array (
)
[ info ] [ HEADER ] array (
  'accept-language' => 'zh-CN,zh;q=0.9',
  'accept-encoding' => 'gzip, deflate',
  'accept' => 'text/html,application/xhtml+xml,application/xml;q=0.9,image/avif,image/webp,image/apng,*/*;q=0.8,application/signed-exchange;v=b3;q=0.9',
  'user-agent' => 'Mozilla/5.0 (Windows NT 10.0; Win64; x64) AppleWebKit/537.36 (KHTML, like Gecko) Chrome/109.0.0.0 Safari/537.36',
  'upgrade-insecure-requests' => '1',
  'cache-control' => 'max-age=0',
  'connection' => 'keep-alive',
  'host' => 'www.thinkphp5.com',
  'content-length' => '',
  'content-type' => '',
)
[ info ] [ PARAM ] array (
)
---------------------------------------------------------------

[2023-02-12T15:21:19+08:00] 127.0.0.1 GET www.thinkphp5.com/index/index/useNameSpace
[运行时间：0.017522s] [吞吐率：57.07req/s] [内存消耗：1,686.48kb] [文件加载：56]
[ info ] [ LANG ] D:\phpstudy_pro\WWW\imooc_tp5\thinkphp\lang\zh-cn.php
[ info ] [ ROUTE ] array (
)
[ info ] [ HEADER ] array (
  'accept-language' => 'zh-CN,zh;q=0.9',
  'accept-encoding' => 'gzip, deflate',
  'accept' => 'text/html,application/xhtml+xml,application/xml;q=0.9,image/avif,image/webp,image/apng,*/*;q=0.8,application/signed-exchange;v=b3;q=0.9',
  'user-agent' => 'Mozilla/5.0 (Windows NT 10.0; Win64; x64) AppleWebKit/537.36 (KHTML, like Gecko) Chrome/109.0.0.0 Safari/537.36',
  'upgrade-insecure-requests' => '1',
  'cache-control' => 'max-age=0',
  'connection' => 'keep-alive',
  'host' => 'www.thinkphp5.com',
  'content-length' => '',
  'content-type' => '',
)
[ info ] [ PARAM ] array (
)
---------------------------------------------------------------

[2023-02-12T15:21:20+08:00] 127.0.0.1 GET www.thinkphp5.com/index/index/useNameSpace
[运行时间：0.015645s] [吞吐率：63.92req/s] [内存消耗：1,686.48kb] [文件加载：56]
[ info ] [ LANG ] D:\phpstudy_pro\WWW\imooc_tp5\thinkphp\lang\zh-cn.php
[ info ] [ ROUTE ] array (
)
[ info ] [ HEADER ] array (
  'accept-language' => 'zh-CN,zh;q=0.9',
  'accept-encoding' => 'gzip, deflate',
  'accept' => 'text/html,application/xhtml+xml,application/xml;q=0.9,image/avif,image/webp,image/apng,*/*;q=0.8,application/signed-exchange;v=b3;q=0.9',
  'user-agent' => 'Mozilla/5.0 (Windows NT 10.0; Win64; x64) AppleWebKit/537.36 (KHTML, like Gecko) Chrome/109.0.0.0 Safari/537.36',
  'upgrade-insecure-requests' => '1',
  'cache-control' => 'max-age=0',
  'connection' => 'keep-alive',
  'host' => 'www.thinkphp5.com',
  'content-length' => '',
  'content-type' => '',
)
[ info ] [ PARAM ] array (
)
---------------------------------------------------------------

[2023-02-12T15:21:20+08:00] 127.0.0.1 GET www.thinkphp5.com/index/index/useNameSpace
[运行时间：0.015485s] [吞吐率：64.58req/s] [内存消耗：1,686.48kb] [文件加载：56]
[ info ] [ LANG ] D:\phpstudy_pro\WWW\imooc_tp5\thinkphp\lang\zh-cn.php
[ info ] [ ROUTE ] array (
)
[ info ] [ HEADER ] array (
  'accept-language' => 'zh-CN,zh;q=0.9',
  'accept-encoding' => 'gzip, deflate',
  'accept' => 'text/html,application/xhtml+xml,application/xml;q=0.9,image/avif,image/webp,image/apng,*/*;q=0.8,application/signed-exchange;v=b3;q=0.9',
  'user-agent' => 'Mozilla/5.0 (Windows NT 10.0; Win64; x64) AppleWebKit/537.36 (KHTML, like Gecko) Chrome/109.0.0.0 Safari/537.36',
  'upgrade-insecure-requests' => '1',
  'cache-control' => 'max-age=0',
  'connection' => 'keep-alive',
  'host' => 'www.thinkphp5.com',
  'content-length' => '',
  'content-type' => '',
)
[ info ] [ PARAM ] array (
)
---------------------------------------------------------------

[2023-02-12T15:21:20+08:00] 127.0.0.1 GET www.thinkphp5.com/index/index/useNameSpace
[运行时间：0.012580s] [吞吐率：79.49req/s] [内存消耗：1,686.48kb] [文件加载：56]
[ info ] [ LANG ] D:\phpstudy_pro\WWW\imooc_tp5\thinkphp\lang\zh-cn.php
[ info ] [ ROUTE ] array (
)
[ info ] [ HEADER ] array (
  'accept-language' => 'zh-CN,zh;q=0.9',
  'accept-encoding' => 'gzip, deflate',
  'accept' => 'text/html,application/xhtml+xml,application/xml;q=0.9,image/avif,image/webp,image/apng,*/*;q=0.8,application/signed-exchange;v=b3;q=0.9',
  'user-agent' => 'Mozilla/5.0 (Windows NT 10.0; Win64; x64) AppleWebKit/537.36 (KHTML, like Gecko) Chrome/109.0.0.0 Safari/537.36',
  'upgrade-insecure-requests' => '1',
  'cache-control' => 'max-age=0',
  'connection' => 'keep-alive',
  'host' => 'www.thinkphp5.com',
  'content-length' => '',
  'content-type' => '',
)
[ info ] [ PARAM ] array (
)
---------------------------------------------------------------

[2023-02-12T15:21:20+08:00] 127.0.0.1 GET www.thinkphp5.com/index/index/useNameSpace
[运行时间：0.012935s] [吞吐率：77.31req/s] [内存消耗：1,686.48kb] [文件加载：56]
[ info ] [ LANG ] D:\phpstudy_pro\WWW\imooc_tp5\thinkphp\lang\zh-cn.php
[ info ] [ ROUTE ] array (
)
[ info ] [ HEADER ] array (
  'accept-language' => 'zh-CN,zh;q=0.9',
  'accept-encoding' => 'gzip, deflate',
  'accept' => 'text/html,application/xhtml+xml,application/xml;q=0.9,image/avif,image/webp,image/apng,*/*;q=0.8,application/signed-exchange;v=b3;q=0.9',
  'user-agent' => 'Mozilla/5.0 (Windows NT 10.0; Win64; x64) AppleWebKit/537.36 (KHTML, like Gecko) Chrome/109.0.0.0 Safari/537.36',
  'upgrade-insecure-requests' => '1',
  'cache-control' => 'max-age=0',
  'connection' => 'keep-alive',
  'host' => 'www.thinkphp5.com',
  'content-length' => '',
  'content-type' => '',
)
[ info ] [ PARAM ] array (
)
---------------------------------------------------------------

[2023-02-12T15:21:20+08:00] 127.0.0.1 GET www.thinkphp5.com/index/index/useNameSpace
[运行时间：0.013891s] [吞吐率：71.99req/s] [内存消耗：1,686.48kb] [文件加载：56]
[ info ] [ LANG ] D:\phpstudy_pro\WWW\imooc_tp5\thinkphp\lang\zh-cn.php
[ info ] [ ROUTE ] array (
)
[ info ] [ HEADER ] array (
  'accept-language' => 'zh-CN,zh;q=0.9',
  'accept-encoding' => 'gzip, deflate',
  'accept' => 'text/html,application/xhtml+xml,application/xml;q=0.9,image/avif,image/webp,image/apng,*/*;q=0.8,application/signed-exchange;v=b3;q=0.9',
  'user-agent' => 'Mozilla/5.0 (Windows NT 10.0; Win64; x64) AppleWebKit/537.36 (KHTML, like Gecko) Chrome/109.0.0.0 Safari/537.36',
  'upgrade-insecure-requests' => '1',
  'cache-control' => 'max-age=0',
  'connection' => 'keep-alive',
  'host' => 'www.thinkphp5.com',
  'content-length' => '',
  'content-type' => '',
)
[ info ] [ PARAM ] array (
)
---------------------------------------------------------------

[2023-02-12T15:27:00+08:00] 127.0.0.1 GET www.thinkphp5.com/index/index/useNameSpace
[运行时间：0.016815s] [吞吐率：59.47req/s] [内存消耗：1,686.48kb] [文件加载：56]
[ info ] [ LANG ] D:\phpstudy_pro\WWW\imooc_tp5\thinkphp\lang\zh-cn.php
[ info ] [ ROUTE ] array (
)
[ info ] [ HEADER ] array (
  'accept-language' => 'zh-CN,zh;q=0.9',
  'accept-encoding' => 'gzip, deflate',
  'accept' => 'text/html,application/xhtml+xml,application/xml;q=0.9,image/avif,image/webp,image/apng,*/*;q=0.8,application/signed-exchange;v=b3;q=0.9',
  'user-agent' => 'Mozilla/5.0 (Windows NT 10.0; Win64; x64) AppleWebKit/537.36 (KHTML, like Gecko) Chrome/109.0.0.0 Safari/537.36',
  'upgrade-insecure-requests' => '1',
  'cache-control' => 'max-age=0',
  'connection' => 'keep-alive',
  'host' => 'www.thinkphp5.com',
  'content-length' => '',
  'content-type' => '',
)
[ info ] [ PARAM ] array (
)
---------------------------------------------------------------

[2023-02-12T15:27:00+08:00] 127.0.0.1 GET www.thinkphp5.com/index/index/useNameSpace
[运行时间：0.014156s] [吞吐率：70.64req/s] [内存消耗：1,686.48kb] [文件加载：56]
[ info ] [ LANG ] D:\phpstudy_pro\WWW\imooc_tp5\thinkphp\lang\zh-cn.php
[ info ] [ ROUTE ] array (
)
[ info ] [ HEADER ] array (
  'accept-language' => 'zh-CN,zh;q=0.9',
  'accept-encoding' => 'gzip, deflate',
  'accept' => 'text/html,application/xhtml+xml,application/xml;q=0.9,image/avif,image/webp,image/apng,*/*;q=0.8,application/signed-exchange;v=b3;q=0.9',
  'user-agent' => 'Mozilla/5.0 (Windows NT 10.0; Win64; x64) AppleWebKit/537.36 (KHTML, like Gecko) Chrome/109.0.0.0 Safari/537.36',
  'upgrade-insecure-requests' => '1',
  'cache-control' => 'max-age=0',
  'connection' => 'keep-alive',
  'host' => 'www.thinkphp5.com',
  'content-length' => '',
  'content-type' => '',
)
[ info ] [ PARAM ] array (
)
---------------------------------------------------------------

[2023-02-12T15:27:01+08:00] 127.0.0.1 GET www.thinkphp5.com/index/index/useNameSpace
[运行时间：0.017872s] [吞吐率：55.95req/s] [内存消耗：1,686.48kb] [文件加载：56]
[ info ] [ LANG ] D:\phpstudy_pro\WWW\imooc_tp5\thinkphp\lang\zh-cn.php
[ info ] [ ROUTE ] array (
)
[ info ] [ HEADER ] array (
  'accept-language' => 'zh-CN,zh;q=0.9',
  'accept-encoding' => 'gzip, deflate',
  'accept' => 'text/html,application/xhtml+xml,application/xml;q=0.9,image/avif,image/webp,image/apng,*/*;q=0.8,application/signed-exchange;v=b3;q=0.9',
  'user-agent' => 'Mozilla/5.0 (Windows NT 10.0; Win64; x64) AppleWebKit/537.36 (KHTML, like Gecko) Chrome/109.0.0.0 Safari/537.36',
  'upgrade-insecure-requests' => '1',
  'cache-control' => 'max-age=0',
  'connection' => 'keep-alive',
  'host' => 'www.thinkphp5.com',
  'content-length' => '',
  'content-type' => '',
)
[ info ] [ PARAM ] array (
)
---------------------------------------------------------------

[2023-02-12T15:27:13+08:00] 127.0.0.1 GET www.thinkphp5.com/index/index/useNameSpace
[运行时间：0.013793s] [吞吐率：72.50req/s] [内存消耗：1,686.48kb] [文件加载：56]
[ info ] [ LANG ] D:\phpstudy_pro\WWW\imooc_tp5\thinkphp\lang\zh-cn.php
[ info ] [ ROUTE ] array (
)
[ info ] [ HEADER ] array (
  'accept-language' => 'zh-CN,zh;q=0.9',
  'accept-encoding' => 'gzip, deflate',
  'accept' => 'text/html,application/xhtml+xml,application/xml;q=0.9,image/avif,image/webp,image/apng,*/*;q=0.8,application/signed-exchange;v=b3;q=0.9',
  'user-agent' => 'Mozilla/5.0 (Windows NT 10.0; Win64; x64) AppleWebKit/537.36 (KHTML, like Gecko) Chrome/109.0.0.0 Safari/537.36',
  'upgrade-insecure-requests' => '1',
  'cache-control' => 'max-age=0',
  'connection' => 'keep-alive',
  'host' => 'www.thinkphp5.com',
  'content-length' => '',
  'content-type' => '',
)
[ info ] [ PARAM ] array (
)
---------------------------------------------------------------

[2023-02-12T15:27:14+08:00] 127.0.0.1 GET www.thinkphp5.com/index/index/useNameSpace
[运行时间：0.014327s] [吞吐率：69.80req/s] [内存消耗：1,686.48kb] [文件加载：56]
[ info ] [ LANG ] D:\phpstudy_pro\WWW\imooc_tp5\thinkphp\lang\zh-cn.php
[ info ] [ ROUTE ] array (
)
[ info ] [ HEADER ] array (
  'accept-language' => 'zh-CN,zh;q=0.9',
  'accept-encoding' => 'gzip, deflate',
  'accept' => 'text/html,application/xhtml+xml,application/xml;q=0.9,image/avif,image/webp,image/apng,*/*;q=0.8,application/signed-exchange;v=b3;q=0.9',
  'user-agent' => 'Mozilla/5.0 (Windows NT 10.0; Win64; x64) AppleWebKit/537.36 (KHTML, like Gecko) Chrome/109.0.0.0 Safari/537.36',
  'upgrade-insecure-requests' => '1',
  'cache-control' => 'max-age=0',
  'connection' => 'keep-alive',
  'host' => 'www.thinkphp5.com',
  'content-length' => '',
  'content-type' => '',
)
[ info ] [ PARAM ] array (
)
---------------------------------------------------------------

[2023-02-12T15:27:15+08:00] 127.0.0.1 GET www.thinkphp5.com/index/index/useNameSpace
[运行时间：0.014460s] [吞吐率：69.16req/s] [内存消耗：1,686.48kb] [文件加载：56]
[ info ] [ LANG ] D:\phpstudy_pro\WWW\imooc_tp5\thinkphp\lang\zh-cn.php
[ info ] [ ROUTE ] array (
)
[ info ] [ HEADER ] array (
  'accept-language' => 'zh-CN,zh;q=0.9',
  'accept-encoding' => 'gzip, deflate',
  'accept' => 'text/html,application/xhtml+xml,application/xml;q=0.9,image/avif,image/webp,image/apng,*/*;q=0.8,application/signed-exchange;v=b3;q=0.9',
  'user-agent' => 'Mozilla/5.0 (Windows NT 10.0; Win64; x64) AppleWebKit/537.36 (KHTML, like Gecko) Chrome/109.0.0.0 Safari/537.36',
  'upgrade-insecure-requests' => '1',
  'cache-control' => 'max-age=0',
  'connection' => 'keep-alive',
  'host' => 'www.thinkphp5.com',
  'content-length' => '',
  'content-type' => '',
)
[ info ] [ PARAM ] array (
)
---------------------------------------------------------------

[2023-02-12T15:27:15+08:00] 127.0.0.1 GET www.thinkphp5.com/index/index/useNameSpace
[运行时间：0.016438s] [吞吐率：60.83req/s] [内存消耗：1,686.48kb] [文件加载：56]
[ info ] [ LANG ] D:\phpstudy_pro\WWW\imooc_tp5\thinkphp\lang\zh-cn.php
[ info ] [ ROUTE ] array (
)
[ info ] [ HEADER ] array (
  'accept-language' => 'zh-CN,zh;q=0.9',
  'accept-encoding' => 'gzip, deflate',
  'accept' => 'text/html,application/xhtml+xml,application/xml;q=0.9,image/avif,image/webp,image/apng,*/*;q=0.8,application/signed-exchange;v=b3;q=0.9',
  'user-agent' => 'Mozilla/5.0 (Windows NT 10.0; Win64; x64) AppleWebKit/537.36 (KHTML, like Gecko) Chrome/109.0.0.0 Safari/537.36',
  'upgrade-insecure-requests' => '1',
  'cache-control' => 'max-age=0',
  'connection' => 'keep-alive',
  'host' => 'www.thinkphp5.com',
  'content-length' => '',
  'content-type' => '',
)
[ info ] [ PARAM ] array (
)
---------------------------------------------------------------

[2023-02-12T15:27:15+08:00] 127.0.0.1 GET www.thinkphp5.com/index/index/useNameSpace
[运行时间：0.014745s] [吞吐率：67.82req/s] [内存消耗：1,686.48kb] [文件加载：56]
[ info ] [ LANG ] D:\phpstudy_pro\WWW\imooc_tp5\thinkphp\lang\zh-cn.php
[ info ] [ ROUTE ] array (
)
[ info ] [ HEADER ] array (
  'accept-language' => 'zh-CN,zh;q=0.9',
  'accept-encoding' => 'gzip, deflate',
  'accept' => 'text/html,application/xhtml+xml,application/xml;q=0.9,image/avif,image/webp,image/apng,*/*;q=0.8,application/signed-exchange;v=b3;q=0.9',
  'user-agent' => 'Mozilla/5.0 (Windows NT 10.0; Win64; x64) AppleWebKit/537.36 (KHTML, like Gecko) Chrome/109.0.0.0 Safari/537.36',
  'upgrade-insecure-requests' => '1',
  'cache-control' => 'max-age=0',
  'connection' => 'keep-alive',
  'host' => 'www.thinkphp5.com',
  'content-length' => '',
  'content-type' => '',
)
[ info ] [ PARAM ] array (
)
---------------------------------------------------------------

[2023-02-12T15:27:15+08:00] 127.0.0.1 GET www.thinkphp5.com/index/index/useNameSpace
[运行时间：0.013025s] [吞吐率：76.78req/s] [内存消耗：1,686.48kb] [文件加载：56]
[ info ] [ LANG ] D:\phpstudy_pro\WWW\imooc_tp5\thinkphp\lang\zh-cn.php
[ info ] [ ROUTE ] array (
)
[ info ] [ HEADER ] array (
  'accept-language' => 'zh-CN,zh;q=0.9',
  'accept-encoding' => 'gzip, deflate',
  'accept' => 'text/html,application/xhtml+xml,application/xml;q=0.9,image/avif,image/webp,image/apng,*/*;q=0.8,application/signed-exchange;v=b3;q=0.9',
  'user-agent' => 'Mozilla/5.0 (Windows NT 10.0; Win64; x64) AppleWebKit/537.36 (KHTML, like Gecko) Chrome/109.0.0.0 Safari/537.36',
  'upgrade-insecure-requests' => '1',
  'cache-control' => 'max-age=0',
  'connection' => 'keep-alive',
  'host' => 'www.thinkphp5.com',
  'content-length' => '',
  'content-type' => '',
)
[ info ] [ PARAM ] array (
)
---------------------------------------------------------------

[2023-02-12T15:27:15+08:00] 127.0.0.1 GET www.thinkphp5.com/index/index/useNameSpace
[运行时间：0.015278s] [吞吐率：65.45req/s] [内存消耗：1,686.48kb] [文件加载：56]
[ info ] [ LANG ] D:\phpstudy_pro\WWW\imooc_tp5\thinkphp\lang\zh-cn.php
[ info ] [ ROUTE ] array (
)
[ info ] [ HEADER ] array (
  'accept-language' => 'zh-CN,zh;q=0.9',
  'accept-encoding' => 'gzip, deflate',
  'accept' => 'text/html,application/xhtml+xml,application/xml;q=0.9,image/avif,image/webp,image/apng,*/*;q=0.8,application/signed-exchange;v=b3;q=0.9',
  'user-agent' => 'Mozilla/5.0 (Windows NT 10.0; Win64; x64) AppleWebKit/537.36 (KHTML, like Gecko) Chrome/109.0.0.0 Safari/537.36',
  'upgrade-insecure-requests' => '1',
  'cache-control' => 'max-age=0',
  'connection' => 'keep-alive',
  'host' => 'www.thinkphp5.com',
  'content-length' => '',
  'content-type' => '',
)
[ info ] [ PARAM ] array (
)
---------------------------------------------------------------

[2023-02-12T15:27:16+08:00] 127.0.0.1 GET www.thinkphp5.com/index/index/useNameSpace
[运行时间：0.014702s] [吞吐率：68.02req/s] [内存消耗：1,686.48kb] [文件加载：56]
[ info ] [ LANG ] D:\phpstudy_pro\WWW\imooc_tp5\thinkphp\lang\zh-cn.php
[ info ] [ ROUTE ] array (
)
[ info ] [ HEADER ] array (
  'accept-language' => 'zh-CN,zh;q=0.9',
  'accept-encoding' => 'gzip, deflate',
  'accept' => 'text/html,application/xhtml+xml,application/xml;q=0.9,image/avif,image/webp,image/apng,*/*;q=0.8,application/signed-exchange;v=b3;q=0.9',
  'user-agent' => 'Mozilla/5.0 (Windows NT 10.0; Win64; x64) AppleWebKit/537.36 (KHTML, like Gecko) Chrome/109.0.0.0 Safari/537.36',
  'upgrade-insecure-requests' => '1',
  'cache-control' => 'max-age=0',
  'connection' => 'keep-alive',
  'host' => 'www.thinkphp5.com',
  'content-length' => '',
  'content-type' => '',
)
[ info ] [ PARAM ] array (
)
---------------------------------------------------------------

[2023-02-12T15:27:16+08:00] 127.0.0.1 GET www.thinkphp5.com/index/index/useNameSpace
[运行时间：0.014848s] [吞吐率：67.35req/s] [内存消耗：1,686.48kb] [文件加载：56]
[ info ] [ LANG ] D:\phpstudy_pro\WWW\imooc_tp5\thinkphp\lang\zh-cn.php
[ info ] [ ROUTE ] array (
)
[ info ] [ HEADER ] array (
  'accept-language' => 'zh-CN,zh;q=0.9',
  'accept-encoding' => 'gzip, deflate',
  'accept' => 'text/html,application/xhtml+xml,application/xml;q=0.9,image/avif,image/webp,image/apng,*/*;q=0.8,application/signed-exchange;v=b3;q=0.9',
  'user-agent' => 'Mozilla/5.0 (Windows NT 10.0; Win64; x64) AppleWebKit/537.36 (KHTML, like Gecko) Chrome/109.0.0.0 Safari/537.36',
  'upgrade-insecure-requests' => '1',
  'cache-control' => 'max-age=0',
  'connection' => 'keep-alive',
  'host' => 'www.thinkphp5.com',
  'content-length' => '',
  'content-type' => '',
)
[ info ] [ PARAM ] array (
)
---------------------------------------------------------------

[2023-02-12T15:27:16+08:00] 127.0.0.1 GET www.thinkphp5.com/index/index/useNameSpace
[运行时间：0.016676s] [吞吐率：59.97req/s] [内存消耗：1,686.48kb] [文件加载：56]
[ info ] [ LANG ] D:\phpstudy_pro\WWW\imooc_tp5\thinkphp\lang\zh-cn.php
[ info ] [ ROUTE ] array (
)
[ info ] [ HEADER ] array (
  'accept-language' => 'zh-CN,zh;q=0.9',
  'accept-encoding' => 'gzip, deflate',
  'accept' => 'text/html,application/xhtml+xml,application/xml;q=0.9,image/avif,image/webp,image/apng,*/*;q=0.8,application/signed-exchange;v=b3;q=0.9',
  'user-agent' => 'Mozilla/5.0 (Windows NT 10.0; Win64; x64) AppleWebKit/537.36 (KHTML, like Gecko) Chrome/109.0.0.0 Safari/537.36',
  'upgrade-insecure-requests' => '1',
  'cache-control' => 'max-age=0',
  'connection' => 'keep-alive',
  'host' => 'www.thinkphp5.com',
  'content-length' => '',
  'content-type' => '',
)
[ info ] [ PARAM ] array (
)
---------------------------------------------------------------

[2023-02-12T15:27:16+08:00] 127.0.0.1 GET www.thinkphp5.com/index/index/useNameSpace
[运行时间：0.015012s] [吞吐率：66.61req/s] [内存消耗：1,686.48kb] [文件加载：56]
[ info ] [ LANG ] D:\phpstudy_pro\WWW\imooc_tp5\thinkphp\lang\zh-cn.php
[ info ] [ ROUTE ] array (
)
[ info ] [ HEADER ] array (
  'accept-language' => 'zh-CN,zh;q=0.9',
  'accept-encoding' => 'gzip, deflate',
  'accept' => 'text/html,application/xhtml+xml,application/xml;q=0.9,image/avif,image/webp,image/apng,*/*;q=0.8,application/signed-exchange;v=b3;q=0.9',
  'user-agent' => 'Mozilla/5.0 (Windows NT 10.0; Win64; x64) AppleWebKit/537.36 (KHTML, like Gecko) Chrome/109.0.0.0 Safari/537.36',
  'upgrade-insecure-requests' => '1',
  'cache-control' => 'max-age=0',
  'connection' => 'keep-alive',
  'host' => 'www.thinkphp5.com',
  'content-length' => '',
  'content-type' => '',
)
[ info ] [ PARAM ] array (
)
---------------------------------------------------------------

[2023-02-12T15:27:16+08:00] 127.0.0.1 GET www.thinkphp5.com/index/index/useNameSpace
[运行时间：0.015034s] [吞吐率：66.52req/s] [内存消耗：1,686.48kb] [文件加载：56]
[ info ] [ LANG ] D:\phpstudy_pro\WWW\imooc_tp5\thinkphp\lang\zh-cn.php
[ info ] [ ROUTE ] array (
)
[ info ] [ HEADER ] array (
  'accept-language' => 'zh-CN,zh;q=0.9',
  'accept-encoding' => 'gzip, deflate',
  'accept' => 'text/html,application/xhtml+xml,application/xml;q=0.9,image/avif,image/webp,image/apng,*/*;q=0.8,application/signed-exchange;v=b3;q=0.9',
  'user-agent' => 'Mozilla/5.0 (Windows NT 10.0; Win64; x64) AppleWebKit/537.36 (KHTML, like Gecko) Chrome/109.0.0.0 Safari/537.36',
  'upgrade-insecure-requests' => '1',
  'cache-control' => 'max-age=0',
  'connection' => 'keep-alive',
  'host' => 'www.thinkphp5.com',
  'content-length' => '',
  'content-type' => '',
)
[ info ] [ PARAM ] array (
)
---------------------------------------------------------------

[2023-02-12T15:27:51+08:00] 127.0.0.1 GET www.thinkphp5.com/index/index/hello
[运行时间：0.010964s] [吞吐率：91.21req/s] [内存消耗：1,686.41kb] [文件加载：56]
[ info ] [ LANG ] D:\phpstudy_pro\WWW\imooc_tp5\thinkphp\lang\zh-cn.php
[ info ] [ ROUTE ] array (
)
[ info ] [ HEADER ] array (
  'accept-language' => 'zh-CN,zh;q=0.9',
  'accept-encoding' => 'gzip, deflate',
  'accept' => 'text/html,application/xhtml+xml,application/xml;q=0.9,image/avif,image/webp,image/apng,*/*;q=0.8,application/signed-exchange;v=b3;q=0.9',
  'user-agent' => 'Mozilla/5.0 (Windows NT 10.0; Win64; x64) AppleWebKit/537.36 (KHTML, like Gecko) Chrome/109.0.0.0 Safari/537.36',
  'upgrade-insecure-requests' => '1',
  'connection' => 'keep-alive',
  'host' => 'www.thinkphp5.com',
  'content-length' => '',
  'content-type' => '',
)
[ info ] [ PARAM ] array (
)
---------------------------------------------------------------

[2023-02-12T15:28:05+08:00] 127.0.0.1 GET www.thinkphp5.com/index/Index/test
[运行时间：0.013570s] [吞吐率：73.69req/s] [内存消耗：1,686.41kb] [文件加载：56]
[ info ] [ LANG ] D:\phpstudy_pro\WWW\imooc_tp5\thinkphp\lang\zh-cn.php
[ info ] [ ROUTE ] array (
)
[ info ] [ HEADER ] array (
  'accept-language' => 'zh-CN,zh;q=0.9',
  'accept-encoding' => 'gzip, deflate',
  'accept' => 'text/html,application/xhtml+xml,application/xml;q=0.9,image/avif,image/webp,image/apng,*/*;q=0.8,application/signed-exchange;v=b3;q=0.9',
  'user-agent' => 'Mozilla/5.0 (Windows NT 10.0; Win64; x64) AppleWebKit/537.36 (KHTML, like Gecko) Chrome/109.0.0.0 Safari/537.36',
  'upgrade-insecure-requests' => '1',
  'connection' => 'keep-alive',
  'host' => 'www.thinkphp5.com',
  'content-length' => '',
  'content-type' => '',
)
[ info ] [ PARAM ] array (
)
---------------------------------------------------------------

[2023-02-12T15:28:40+08:00] 127.0.0.1 GET www.thinkphp5.com/index/Index/test
[运行时间：0.012447s] [吞吐率：80.34req/s] [内存消耗：1,686.48kb] [文件加载：56]
[ info ] [ LANG ] D:\phpstudy_pro\WWW\imooc_tp5\thinkphp\lang\zh-cn.php
[ info ] [ ROUTE ] array (
)
[ info ] [ HEADER ] array (
  'accept-language' => 'zh-CN,zh;q=0.9',
  'accept-encoding' => 'gzip, deflate',
  'accept' => 'text/html,application/xhtml+xml,application/xml;q=0.9,image/avif,image/webp,image/apng,*/*;q=0.8,application/signed-exchange;v=b3;q=0.9',
  'user-agent' => 'Mozilla/5.0 (Windows NT 10.0; Win64; x64) AppleWebKit/537.36 (KHTML, like Gecko) Chrome/109.0.0.0 Safari/537.36',
  'upgrade-insecure-requests' => '1',
  'cache-control' => 'max-age=0',
  'connection' => 'keep-alive',
  'host' => 'www.thinkphp5.com',
  'content-length' => '',
  'content-type' => '',
)
[ info ] [ PARAM ] array (
)
---------------------------------------------------------------

[2023-02-12T15:28:57+08:00] 127.0.0.1 GET www.thinkphp5.com/index.php//index/Index/test
[运行时间：0.027035s] [吞吐率：36.99req/s] [内存消耗：1,688.68kb] [文件加载：57]
[ info ] [ LANG ] D:\phpstudy_pro\WWW\imooc_tp5\thinkphp\lang\zh-cn.php
[ info ] [ ROUTE ] array (
)
[ info ] [ HEADER ] array (
  'accept-language' => 'zh-CN,zh;q=0.9',
  'accept-encoding' => 'gzip, deflate',
  'accept' => 'text/html,application/xhtml+xml,application/xml;q=0.9,image/avif,image/webp,image/apng,*/*;q=0.8,application/signed-exchange;v=b3;q=0.9',
  'user-agent' => 'Mozilla/5.0 (Windows NT 10.0; Win64; x64) AppleWebKit/537.36 (KHTML, like Gecko) Chrome/109.0.0.0 Safari/537.36',
  'upgrade-insecure-requests' => '1',
  'connection' => 'keep-alive',
  'host' => 'www.thinkphp5.com',
  'content-length' => '',
  'content-type' => '',
)
[ info ] [ PARAM ] array (
)
---------------------------------------------------------------

[2023-02-12T15:34:36+08:00] 127.0.0.1 GET www.thinkphp5.com/index.php//index/Index/test
[运行时间：0.016379s] [吞吐率：61.05req/s] [内存消耗：1,688.76kb] [文件加载：57]
[ info ] [ LANG ] D:\phpstudy_pro\WWW\imooc_tp5\thinkphp\lang\zh-cn.php
[ info ] [ ROUTE ] array (
)
[ info ] [ HEADER ] array (
  'accept-language' => 'zh-CN,zh;q=0.9',
  'accept-encoding' => 'gzip, deflate',
  'accept' => 'text/html,application/xhtml+xml,application/xml;q=0.9,image/avif,image/webp,image/apng,*/*;q=0.8,application/signed-exchange;v=b3;q=0.9',
  'user-agent' => 'Mozilla/5.0 (Windows NT 10.0; Win64; x64) AppleWebKit/537.36 (KHTML, like Gecko) Chrome/109.0.0.0 Safari/537.36',
  'upgrade-insecure-requests' => '1',
  'cache-control' => 'max-age=0',
  'connection' => 'keep-alive',
  'host' => 'www.thinkphp5.com',
  'content-length' => '',
  'content-type' => '',
)
[ info ] [ PARAM ] array (
)
---------------------------------------------------------------

[2023-02-12T15:34:55+08:00] 127.0.0.1 GET www.thinkphp5.com/index.php//index/Index/hello
[运行时间：0.013288s] [吞吐率：75.26req/s] [内存消耗：1,702.73kb] [文件加载：56]
[ info ] [ LANG ] D:\phpstudy_pro\WWW\imooc_tp5\thinkphp\lang\zh-cn.php
[ info ] [ ROUTE ] array (
)
[ info ] [ HEADER ] array (
  'accept-language' => 'zh-CN,zh;q=0.9',
  'accept-encoding' => 'gzip, deflate',
  'accept' => 'text/html,application/xhtml+xml,application/xml;q=0.9,image/avif,image/webp,image/apng,*/*;q=0.8,application/signed-exchange;v=b3;q=0.9',
  'user-agent' => 'Mozilla/5.0 (Windows NT 10.0; Win64; x64) AppleWebKit/537.36 (KHTML, like Gecko) Chrome/109.0.0.0 Safari/537.36',
  'upgrade-insecure-requests' => '1',
  'connection' => 'keep-alive',
  'host' => 'www.thinkphp5.com',
  'content-length' => '',
  'content-type' => '',
)
[ info ] [ PARAM ] array (
)
---------------------------------------------------------------

[2023-02-12T15:35:03+08:00] 127.0.0.1 GET www.thinkphp5.com/index.php//index/Index/useNameSpace
[运行时间：0.115059s] [吞吐率：8.69req/s] [内存消耗：1,753.47kb] [文件加载：60]
[ info ] [ LANG ] D:\phpstudy_pro\WWW\imooc_tp5\thinkphp\lang\zh-cn.php
[ info ] [ ROUTE ] array (
)
[ info ] [ HEADER ] array (
  'accept-language' => 'zh-CN,zh;q=0.9',
  'accept-encoding' => 'gzip, deflate',
  'accept' => 'text/html,application/xhtml+xml,application/xml;q=0.9,image/avif,image/webp,image/apng,*/*;q=0.8,application/signed-exchange;v=b3;q=0.9',
  'user-agent' => 'Mozilla/5.0 (Windows NT 10.0; Win64; x64) AppleWebKit/537.36 (KHTML, like Gecko) Chrome/109.0.0.0 Safari/537.36',
  'upgrade-insecure-requests' => '1',
  'connection' => 'keep-alive',
  'host' => 'www.thinkphp5.com',
  'content-length' => '',
  'content-type' => '',
)
[ info ] [ PARAM ] array (
)
[ error ] [0]致命错误: Class 'app\index\controller\Send' not found[D:\phpstudy_pro\WWW\imooc_tp5\application\index\controller\Index.php:26]
---------------------------------------------------------------

[2023-02-12T15:35:12+08:00] 127.0.0.1 GET www.thinkphp5.com/index.php//index/Index/useNameSpace
[运行时间：0.016311s] [吞吐率：61.31req/s] [内存消耗：1,753.55kb] [文件加载：60]
[ info ] [ LANG ] D:\phpstudy_pro\WWW\imooc_tp5\thinkphp\lang\zh-cn.php
[ info ] [ ROUTE ] array (
)
[ info ] [ HEADER ] array (
  'accept-language' => 'zh-CN,zh;q=0.9',
  'accept-encoding' => 'gzip, deflate',
  'accept' => 'text/html,application/xhtml+xml,application/xml;q=0.9,image/avif,image/webp,image/apng,*/*;q=0.8,application/signed-exchange;v=b3;q=0.9',
  'user-agent' => 'Mozilla/5.0 (Windows NT 10.0; Win64; x64) AppleWebKit/537.36 (KHTML, like Gecko) Chrome/109.0.0.0 Safari/537.36',
  'upgrade-insecure-requests' => '1',
  'cache-control' => 'max-age=0',
  'connection' => 'keep-alive',
  'host' => 'www.thinkphp5.com',
  'content-length' => '',
  'content-type' => '',
)
[ info ] [ PARAM ] array (
)
[ error ] [0]致命错误: Class 'app\index\controller\Send' not found[D:\phpstudy_pro\WWW\imooc_tp5\application\index\controller\Index.php:26]
---------------------------------------------------------------

[2023-02-12T15:35:13+08:00] 127.0.0.1 GET www.thinkphp5.com/index.php//index/Index/useNameSpace
[运行时间：0.016403s] [吞吐率：60.96req/s] [内存消耗：1,753.55kb] [文件加载：60]
[ info ] [ LANG ] D:\phpstudy_pro\WWW\imooc_tp5\thinkphp\lang\zh-cn.php
[ info ] [ ROUTE ] array (
)
[ info ] [ HEADER ] array (
  'accept-language' => 'zh-CN,zh;q=0.9',
  'accept-encoding' => 'gzip, deflate',
  'accept' => 'text/html,application/xhtml+xml,application/xml;q=0.9,image/avif,image/webp,image/apng,*/*;q=0.8,application/signed-exchange;v=b3;q=0.9',
  'user-agent' => 'Mozilla/5.0 (Windows NT 10.0; Win64; x64) AppleWebKit/537.36 (KHTML, like Gecko) Chrome/109.0.0.0 Safari/537.36',
  'upgrade-insecure-requests' => '1',
  'cache-control' => 'max-age=0',
  'connection' => 'keep-alive',
  'host' => 'www.thinkphp5.com',
  'content-length' => '',
  'content-type' => '',
)
[ info ] [ PARAM ] array (
)
[ error ] [0]致命错误: Class 'app\index\controller\Send' not found[D:\phpstudy_pro\WWW\imooc_tp5\application\index\controller\Index.php:26]
---------------------------------------------------------------

[2023-02-12T15:35:13+08:00] 127.0.0.1 GET www.thinkphp5.com/index.php//index/Index/useNameSpace
[运行时间：0.015396s] [吞吐率：64.95req/s] [内存消耗：1,753.55kb] [文件加载：60]
[ info ] [ LANG ] D:\phpstudy_pro\WWW\imooc_tp5\thinkphp\lang\zh-cn.php
[ info ] [ ROUTE ] array (
)
[ info ] [ HEADER ] array (
  'accept-language' => 'zh-CN,zh;q=0.9',
  'accept-encoding' => 'gzip, deflate',
  'accept' => 'text/html,application/xhtml+xml,application/xml;q=0.9,image/avif,image/webp,image/apng,*/*;q=0.8,application/signed-exchange;v=b3;q=0.9',
  'user-agent' => 'Mozilla/5.0 (Windows NT 10.0; Win64; x64) AppleWebKit/537.36 (KHTML, like Gecko) Chrome/109.0.0.0 Safari/537.36',
  'upgrade-insecure-requests' => '1',
  'cache-control' => 'max-age=0',
  'connection' => 'keep-alive',
  'host' => 'www.thinkphp5.com',
  'content-length' => '',
  'content-type' => '',
)
[ info ] [ PARAM ] array (
)
[ error ] [0]致命错误: Class 'app\index\controller\Send' not found[D:\phpstudy_pro\WWW\imooc_tp5\application\index\controller\Index.php:26]
---------------------------------------------------------------

[2023-02-12T15:35:14+08:00] 127.0.0.1 GET www.thinkphp5.com/index.php//index/Index/useNameSpace
[运行时间：0.016119s] [吞吐率：62.04req/s] [内存消耗：1,753.55kb] [文件加载：60]
[ info ] [ LANG ] D:\phpstudy_pro\WWW\imooc_tp5\thinkphp\lang\zh-cn.php
[ info ] [ ROUTE ] array (
)
[ info ] [ HEADER ] array (
  'accept-language' => 'zh-CN,zh;q=0.9',
  'accept-encoding' => 'gzip, deflate',
  'accept' => 'text/html,application/xhtml+xml,application/xml;q=0.9,image/avif,image/webp,image/apng,*/*;q=0.8,application/signed-exchange;v=b3;q=0.9',
  'user-agent' => 'Mozilla/5.0 (Windows NT 10.0; Win64; x64) AppleWebKit/537.36 (KHTML, like Gecko) Chrome/109.0.0.0 Safari/537.36',
  'upgrade-insecure-requests' => '1',
  'cache-control' => 'max-age=0',
  'connection' => 'keep-alive',
  'host' => 'www.thinkphp5.com',
  'content-length' => '',
  'content-type' => '',
)
[ info ] [ PARAM ] array (
)
[ error ] [0]致命错误: Class 'app\index\controller\Send' not found[D:\phpstudy_pro\WWW\imooc_tp5\application\index\controller\Index.php:26]
---------------------------------------------------------------

[2023-02-12T15:35:18+08:00] 127.0.0.1 GET www.thinkphp5.com/index.php//index/Index/useNameSpace
[运行时间：0.013791s] [吞吐率：72.51req/s] [内存消耗：1,753.62kb] [文件加载：60]
[ info ] [ LANG ] D:\phpstudy_pro\WWW\imooc_tp5\thinkphp\lang\zh-cn.php
[ info ] [ ROUTE ] array (
)
[ info ] [ HEADER ] array (
  'accept-language' => 'zh-CN,zh;q=0.9',
  'accept-encoding' => 'gzip, deflate',
  'accept' => 'text/html,application/xhtml+xml,application/xml;q=0.9,image/avif,image/webp,image/apng,*/*;q=0.8,application/signed-exchange;v=b3;q=0.9',
  'user-agent' => 'Mozilla/5.0 (Windows NT 10.0; Win64; x64) AppleWebKit/537.36 (KHTML, like Gecko) Chrome/109.0.0.0 Safari/537.36',
  'upgrade-insecure-requests' => '1',
  'cache-control' => 'no-cache',
  'pragma' => 'no-cache',
  'connection' => 'keep-alive',
  'host' => 'www.thinkphp5.com',
  'content-length' => '',
  'content-type' => '',
)
[ info ] [ PARAM ] array (
)
[ error ] [0]致命错误: Class 'app\index\controller\Send' not found[D:\phpstudy_pro\WWW\imooc_tp5\application\index\controller\Index.php:26]
---------------------------------------------------------------

[2023-02-12T15:35:33+08:00] 127.0.0.1 GET www.thinkphp5.com/index.php//index/Index/useNameSpace
[运行时间：0.014892s] [吞吐率：67.15req/s] [内存消耗：1,753.44kb] [文件加载：60]
[ info ] [ LANG ] D:\phpstudy_pro\WWW\imooc_tp5\thinkphp\lang\zh-cn.php
[ info ] [ ROUTE ] array (
)
[ info ] [ HEADER ] array (
  'accept-language' => 'zh-CN,zh;q=0.9',
  'accept-encoding' => 'gzip, deflate',
  'accept' => 'text/html,application/xhtml+xml,application/xml;q=0.9,image/avif,image/webp,image/apng,*/*;q=0.8,application/signed-exchange;v=b3;q=0.9',
  'user-agent' => 'Mozilla/5.0 (Windows NT 10.0; Win64; x64) AppleWebKit/537.36 (KHTML, like Gecko) Chrome/109.0.0.0 Safari/537.36',
  'upgrade-insecure-requests' => '1',
  'cache-control' => 'max-age=0',
  'connection' => 'keep-alive',
  'host' => 'www.thinkphp5.com',
  'content-length' => '',
  'content-type' => '',
)
[ info ] [ PARAM ] array (
)
[ error ] [0]致命错误: Class 'Send' not found[D:\phpstudy_pro\WWW\imooc_tp5\application\index\controller\Index.php:26]
---------------------------------------------------------------

[2023-02-12T15:35:34+08:00] 127.0.0.1 GET www.thinkphp5.com/index.php//index/Index/useNameSpace
[运行时间：0.015262s] [吞吐率：65.52req/s] [内存消耗：1,753.44kb] [文件加载：60]
[ info ] [ LANG ] D:\phpstudy_pro\WWW\imooc_tp5\thinkphp\lang\zh-cn.php
[ info ] [ ROUTE ] array (
)
[ info ] [ HEADER ] array (
  'accept-language' => 'zh-CN,zh;q=0.9',
  'accept-encoding' => 'gzip, deflate',
  'accept' => 'text/html,application/xhtml+xml,application/xml;q=0.9,image/avif,image/webp,image/apng,*/*;q=0.8,application/signed-exchange;v=b3;q=0.9',
  'user-agent' => 'Mozilla/5.0 (Windows NT 10.0; Win64; x64) AppleWebKit/537.36 (KHTML, like Gecko) Chrome/109.0.0.0 Safari/537.36',
  'upgrade-insecure-requests' => '1',
  'cache-control' => 'max-age=0',
  'connection' => 'keep-alive',
  'host' => 'www.thinkphp5.com',
  'content-length' => '',
  'content-type' => '',
)
[ info ] [ PARAM ] array (
)
[ error ] [0]致命错误: Class 'Send' not found[D:\phpstudy_pro\WWW\imooc_tp5\application\index\controller\Index.php:26]
---------------------------------------------------------------

[2023-02-12T15:35:34+08:00] 127.0.0.1 GET www.thinkphp5.com/index.php//index/Index/useNameSpace
[运行时间：0.015057s] [吞吐率：66.41req/s] [内存消耗：1,753.44kb] [文件加载：60]
[ info ] [ LANG ] D:\phpstudy_pro\WWW\imooc_tp5\thinkphp\lang\zh-cn.php
[ info ] [ ROUTE ] array (
)
[ info ] [ HEADER ] array (
  'accept-language' => 'zh-CN,zh;q=0.9',
  'accept-encoding' => 'gzip, deflate',
  'accept' => 'text/html,application/xhtml+xml,application/xml;q=0.9,image/avif,image/webp,image/apng,*/*;q=0.8,application/signed-exchange;v=b3;q=0.9',
  'user-agent' => 'Mozilla/5.0 (Windows NT 10.0; Win64; x64) AppleWebKit/537.36 (KHTML, like Gecko) Chrome/109.0.0.0 Safari/537.36',
  'upgrade-insecure-requests' => '1',
  'cache-control' => 'max-age=0',
  'connection' => 'keep-alive',
  'host' => 'www.thinkphp5.com',
  'content-length' => '',
  'content-type' => '',
)
[ info ] [ PARAM ] array (
)
[ error ] [0]致命错误: Class 'Send' not found[D:\phpstudy_pro\WWW\imooc_tp5\application\index\controller\Index.php:26]
---------------------------------------------------------------

[2023-02-12T15:35:34+08:00] 127.0.0.1 GET www.thinkphp5.com/index.php//index/Index/useNameSpace
[运行时间：0.015658s] [吞吐率：63.86req/s] [内存消耗：1,753.44kb] [文件加载：60]
[ info ] [ LANG ] D:\phpstudy_pro\WWW\imooc_tp5\thinkphp\lang\zh-cn.php
[ info ] [ ROUTE ] array (
)
[ info ] [ HEADER ] array (
  'accept-language' => 'zh-CN,zh;q=0.9',
  'accept-encoding' => 'gzip, deflate',
  'accept' => 'text/html,application/xhtml+xml,application/xml;q=0.9,image/avif,image/webp,image/apng,*/*;q=0.8,application/signed-exchange;v=b3;q=0.9',
  'user-agent' => 'Mozilla/5.0 (Windows NT 10.0; Win64; x64) AppleWebKit/537.36 (KHTML, like Gecko) Chrome/109.0.0.0 Safari/537.36',
  'upgrade-insecure-requests' => '1',
  'cache-control' => 'max-age=0',
  'connection' => 'keep-alive',
  'host' => 'www.thinkphp5.com',
  'content-length' => '',
  'content-type' => '',
)
[ info ] [ PARAM ] array (
)
[ error ] [0]致命错误: Class 'Send' not found[D:\phpstudy_pro\WWW\imooc_tp5\application\index\controller\Index.php:26]
---------------------------------------------------------------

[2023-02-12T15:36:13+08:00] 127.0.0.1 GET www.thinkphp5.com/index.php//index/Index/useNameSpace
[运行时间：0.013284s] [吞吐率：75.28req/s] [内存消耗：1,753.38kb] [文件加载：60]
[ info ] [ LANG ] D:\phpstudy_pro\WWW\imooc_tp5\thinkphp\lang\zh-cn.php
[ info ] [ ROUTE ] array (
)
[ info ] [ HEADER ] array (
  'accept-language' => 'zh-CN,zh;q=0.9',
  'accept-encoding' => 'gzip, deflate',
  'accept' => 'text/html,application/xhtml+xml,application/xml;q=0.9,image/avif,image/webp,image/apng,*/*;q=0.8,application/signed-exchange;v=b3;q=0.9',
  'user-agent' => 'Mozilla/5.0 (Windows NT 10.0; Win64; x64) AppleWebKit/537.36 (KHTML, like Gecko) Chrome/109.0.0.0 Safari/537.36',
  'upgrade-insecure-requests' => '1',
  'cache-control' => 'max-age=0',
  'connection' => 'keep-alive',
  'host' => 'www.thinkphp5.com',
  'content-length' => '',
  'content-type' => '',
)
[ info ] [ PARAM ] array (
)
[ error ] [0]致命错误: Class 'Send' not found[D:\phpstudy_pro\WWW\imooc_tp5\application\index\controller\Index.php:26]
---------------------------------------------------------------

[2023-02-12T15:36:14+08:00] 127.0.0.1 GET www.thinkphp5.com/index.php//index/Index/useNameSpace
[运行时间：0.017050s] [吞吐率：58.65req/s] [内存消耗：1,753.38kb] [文件加载：60]
[ info ] [ LANG ] D:\phpstudy_pro\WWW\imooc_tp5\thinkphp\lang\zh-cn.php
[ info ] [ ROUTE ] array (
)
[ info ] [ HEADER ] array (
  'accept-language' => 'zh-CN,zh;q=0.9',
  'accept-encoding' => 'gzip, deflate',
  'accept' => 'text/html,application/xhtml+xml,application/xml;q=0.9,image/avif,image/webp,image/apng,*/*;q=0.8,application/signed-exchange;v=b3;q=0.9',
  'user-agent' => 'Mozilla/5.0 (Windows NT 10.0; Win64; x64) AppleWebKit/537.36 (KHTML, like Gecko) Chrome/109.0.0.0 Safari/537.36',
  'upgrade-insecure-requests' => '1',
  'cache-control' => 'max-age=0',
  'connection' => 'keep-alive',
  'host' => 'www.thinkphp5.com',
  'content-length' => '',
  'content-type' => '',
)
[ info ] [ PARAM ] array (
)
[ error ] [0]致命错误: Class 'Send' not found[D:\phpstudy_pro\WWW\imooc_tp5\application\index\controller\Index.php:26]
---------------------------------------------------------------

[2023-02-12T15:36:14+08:00] 127.0.0.1 GET www.thinkphp5.com/index.php//index/Index/useNameSpace
[运行时间：0.014542s] [吞吐率：68.77req/s] [内存消耗：1,753.38kb] [文件加载：60]
[ info ] [ LANG ] D:\phpstudy_pro\WWW\imooc_tp5\thinkphp\lang\zh-cn.php
[ info ] [ ROUTE ] array (
)
[ info ] [ HEADER ] array (
  'accept-language' => 'zh-CN,zh;q=0.9',
  'accept-encoding' => 'gzip, deflate',
  'accept' => 'text/html,application/xhtml+xml,application/xml;q=0.9,image/avif,image/webp,image/apng,*/*;q=0.8,application/signed-exchange;v=b3;q=0.9',
  'user-agent' => 'Mozilla/5.0 (Windows NT 10.0; Win64; x64) AppleWebKit/537.36 (KHTML, like Gecko) Chrome/109.0.0.0 Safari/537.36',
  'upgrade-insecure-requests' => '1',
  'cache-control' => 'max-age=0',
  'connection' => 'keep-alive',
  'host' => 'www.thinkphp5.com',
  'content-length' => '',
  'content-type' => '',
)
[ info ] [ PARAM ] array (
)
[ error ] [0]致命错误: Class 'Send' not found[D:\phpstudy_pro\WWW\imooc_tp5\application\index\controller\Index.php:26]
---------------------------------------------------------------

[2023-02-12T15:36:14+08:00] 127.0.0.1 GET www.thinkphp5.com/index.php//index/Index/useNameSpace
[运行时间：0.015827s] [吞吐率：63.18req/s] [内存消耗：1,753.38kb] [文件加载：60]
[ info ] [ LANG ] D:\phpstudy_pro\WWW\imooc_tp5\thinkphp\lang\zh-cn.php
[ info ] [ ROUTE ] array (
)
[ info ] [ HEADER ] array (
  'accept-language' => 'zh-CN,zh;q=0.9',
  'accept-encoding' => 'gzip, deflate',
  'accept' => 'text/html,application/xhtml+xml,application/xml;q=0.9,image/avif,image/webp,image/apng,*/*;q=0.8,application/signed-exchange;v=b3;q=0.9',
  'user-agent' => 'Mozilla/5.0 (Windows NT 10.0; Win64; x64) AppleWebKit/537.36 (KHTML, like Gecko) Chrome/109.0.0.0 Safari/537.36',
  'upgrade-insecure-requests' => '1',
  'cache-control' => 'max-age=0',
  'connection' => 'keep-alive',
  'host' => 'www.thinkphp5.com',
  'content-length' => '',
  'content-type' => '',
)
[ info ] [ PARAM ] array (
)
[ error ] [0]致命错误: Class 'Send' not found[D:\phpstudy_pro\WWW\imooc_tp5\application\index\controller\Index.php:26]
---------------------------------------------------------------

[2023-02-12T15:36:14+08:00] 127.0.0.1 GET www.thinkphp5.com/index.php//index/Index/useNameSpace
[运行时间：0.014758s] [吞吐率：67.76req/s] [内存消耗：1,753.38kb] [文件加载：60]
[ info ] [ LANG ] D:\phpstudy_pro\WWW\imooc_tp5\thinkphp\lang\zh-cn.php
[ info ] [ ROUTE ] array (
)
[ info ] [ HEADER ] array (
  'accept-language' => 'zh-CN,zh;q=0.9',
  'accept-encoding' => 'gzip, deflate',
  'accept' => 'text/html,application/xhtml+xml,application/xml;q=0.9,image/avif,image/webp,image/apng,*/*;q=0.8,application/signed-exchange;v=b3;q=0.9',
  'user-agent' => 'Mozilla/5.0 (Windows NT 10.0; Win64; x64) AppleWebKit/537.36 (KHTML, like Gecko) Chrome/109.0.0.0 Safari/537.36',
  'upgrade-insecure-requests' => '1',
  'cache-control' => 'max-age=0',
  'connection' => 'keep-alive',
  'host' => 'www.thinkphp5.com',
  'content-length' => '',
  'content-type' => '',
)
[ info ] [ PARAM ] array (
)
[ error ] [0]致命错误: Class 'Send' not found[D:\phpstudy_pro\WWW\imooc_tp5\application\index\controller\Index.php:26]
---------------------------------------------------------------

[2023-02-12T15:36:14+08:00] 127.0.0.1 GET www.thinkphp5.com/index.php//index/Index/useNameSpace
[运行时间：0.012795s] [吞吐率：78.16req/s] [内存消耗：1,753.38kb] [文件加载：60]
[ info ] [ LANG ] D:\phpstudy_pro\WWW\imooc_tp5\thinkphp\lang\zh-cn.php
[ info ] [ ROUTE ] array (
)
[ info ] [ HEADER ] array (
  'accept-language' => 'zh-CN,zh;q=0.9',
  'accept-encoding' => 'gzip, deflate',
  'accept' => 'text/html,application/xhtml+xml,application/xml;q=0.9,image/avif,image/webp,image/apng,*/*;q=0.8,application/signed-exchange;v=b3;q=0.9',
  'user-agent' => 'Mozilla/5.0 (Windows NT 10.0; Win64; x64) AppleWebKit/537.36 (KHTML, like Gecko) Chrome/109.0.0.0 Safari/537.36',
  'upgrade-insecure-requests' => '1',
  'cache-control' => 'max-age=0',
  'connection' => 'keep-alive',
  'host' => 'www.thinkphp5.com',
  'content-length' => '',
  'content-type' => '',
)
[ info ] [ PARAM ] array (
)
[ error ] [0]致命错误: Class 'Send' not found[D:\phpstudy_pro\WWW\imooc_tp5\application\index\controller\Index.php:26]
---------------------------------------------------------------

[2023-02-12T15:36:15+08:00] 127.0.0.1 GET www.thinkphp5.com/index.php//index/Index/useNameSpace
[运行时间：0.015381s] [吞吐率：65.02req/s] [内存消耗：1,753.38kb] [文件加载：60]
[ info ] [ LANG ] D:\phpstudy_pro\WWW\imooc_tp5\thinkphp\lang\zh-cn.php
[ info ] [ ROUTE ] array (
)
[ info ] [ HEADER ] array (
  'accept-language' => 'zh-CN,zh;q=0.9',
  'accept-encoding' => 'gzip, deflate',
  'accept' => 'text/html,application/xhtml+xml,application/xml;q=0.9,image/avif,image/webp,image/apng,*/*;q=0.8,application/signed-exchange;v=b3;q=0.9',
  'user-agent' => 'Mozilla/5.0 (Windows NT 10.0; Win64; x64) AppleWebKit/537.36 (KHTML, like Gecko) Chrome/109.0.0.0 Safari/537.36',
  'upgrade-insecure-requests' => '1',
  'cache-control' => 'max-age=0',
  'connection' => 'keep-alive',
  'host' => 'www.thinkphp5.com',
  'content-length' => '',
  'content-type' => '',
)
[ info ] [ PARAM ] array (
)
[ error ] [0]致命错误: Class 'Send' not found[D:\phpstudy_pro\WWW\imooc_tp5\application\index\controller\Index.php:26]
---------------------------------------------------------------

[2023-02-12T15:36:33+08:00] 127.0.0.1 GET www.thinkphp5.com/index.php//index/Index/useNameSpace
[运行时间：0.013129s] [吞吐率：76.17req/s] [内存消耗：1,753.38kb] [文件加载：60]
[ info ] [ LANG ] D:\phpstudy_pro\WWW\imooc_tp5\thinkphp\lang\zh-cn.php
[ info ] [ ROUTE ] array (
)
[ info ] [ HEADER ] array (
  'accept-language' => 'zh-CN,zh;q=0.9',
  'accept-encoding' => 'gzip, deflate',
  'accept' => 'text/html,application/xhtml+xml,application/xml;q=0.9,image/avif,image/webp,image/apng,*/*;q=0.8,application/signed-exchange;v=b3;q=0.9',
  'user-agent' => 'Mozilla/5.0 (Windows NT 10.0; Win64; x64) AppleWebKit/537.36 (KHTML, like Gecko) Chrome/109.0.0.0 Safari/537.36',
  'upgrade-insecure-requests' => '1',
  'cache-control' => 'max-age=0',
  'connection' => 'keep-alive',
  'host' => 'www.thinkphp5.com',
  'content-length' => '',
  'content-type' => '',
)
[ info ] [ PARAM ] array (
)
[ error ] [0]致命错误: Class 'Send' not found[D:\phpstudy_pro\WWW\imooc_tp5\application\index\controller\Index.php:26]
---------------------------------------------------------------

[2023-02-12T15:36:34+08:00] 127.0.0.1 GET www.thinkphp5.com/index.php//index/Index/useNameSpace
[运行时间：0.017705s] [吞吐率：56.48req/s] [内存消耗：1,753.38kb] [文件加载：60]
[ info ] [ LANG ] D:\phpstudy_pro\WWW\imooc_tp5\thinkphp\lang\zh-cn.php
[ info ] [ ROUTE ] array (
)
[ info ] [ HEADER ] array (
  'accept-language' => 'zh-CN,zh;q=0.9',
  'accept-encoding' => 'gzip, deflate',
  'accept' => 'text/html,application/xhtml+xml,application/xml;q=0.9,image/avif,image/webp,image/apng,*/*;q=0.8,application/signed-exchange;v=b3;q=0.9',
  'user-agent' => 'Mozilla/5.0 (Windows NT 10.0; Win64; x64) AppleWebKit/537.36 (KHTML, like Gecko) Chrome/109.0.0.0 Safari/537.36',
  'upgrade-insecure-requests' => '1',
  'cache-control' => 'max-age=0',
  'connection' => 'keep-alive',
  'host' => 'www.thinkphp5.com',
  'content-length' => '',
  'content-type' => '',
)
[ info ] [ PARAM ] array (
)
[ error ] [0]致命错误: Class 'Send' not found[D:\phpstudy_pro\WWW\imooc_tp5\application\index\controller\Index.php:26]
---------------------------------------------------------------

[2023-02-12T15:36:34+08:00] 127.0.0.1 GET www.thinkphp5.com/index.php//index/Index/useNameSpace
[运行时间：0.018269s] [吞吐率：54.74req/s] [内存消耗：1,753.38kb] [文件加载：60]
[ info ] [ LANG ] D:\phpstudy_pro\WWW\imooc_tp5\thinkphp\lang\zh-cn.php
[ info ] [ ROUTE ] array (
)
[ info ] [ HEADER ] array (
  'accept-language' => 'zh-CN,zh;q=0.9',
  'accept-encoding' => 'gzip, deflate',
  'accept' => 'text/html,application/xhtml+xml,application/xml;q=0.9,image/avif,image/webp,image/apng,*/*;q=0.8,application/signed-exchange;v=b3;q=0.9',
  'user-agent' => 'Mozilla/5.0 (Windows NT 10.0; Win64; x64) AppleWebKit/537.36 (KHTML, like Gecko) Chrome/109.0.0.0 Safari/537.36',
  'upgrade-insecure-requests' => '1',
  'cache-control' => 'max-age=0',
  'connection' => 'keep-alive',
  'host' => 'www.thinkphp5.com',
  'content-length' => '',
  'content-type' => '',
)
[ info ] [ PARAM ] array (
)
[ error ] [0]致命错误: Class 'Send' not found[D:\phpstudy_pro\WWW\imooc_tp5\application\index\controller\Index.php:26]
---------------------------------------------------------------

[2023-02-12T15:36:34+08:00] 127.0.0.1 GET www.thinkphp5.com/index.php//index/Index/useNameSpace
[运行时间：0.015432s] [吞吐率：64.80req/s] [内存消耗：1,753.38kb] [文件加载：60]
[ info ] [ LANG ] D:\phpstudy_pro\WWW\imooc_tp5\thinkphp\lang\zh-cn.php
[ info ] [ ROUTE ] array (
)
[ info ] [ HEADER ] array (
  'accept-language' => 'zh-CN,zh;q=0.9',
  'accept-encoding' => 'gzip, deflate',
  'accept' => 'text/html,application/xhtml+xml,application/xml;q=0.9,image/avif,image/webp,image/apng,*/*;q=0.8,application/signed-exchange;v=b3;q=0.9',
  'user-agent' => 'Mozilla/5.0 (Windows NT 10.0; Win64; x64) AppleWebKit/537.36 (KHTML, like Gecko) Chrome/109.0.0.0 Safari/537.36',
  'upgrade-insecure-requests' => '1',
  'cache-control' => 'max-age=0',
  'connection' => 'keep-alive',
  'host' => 'www.thinkphp5.com',
  'content-length' => '',
  'content-type' => '',
)
[ info ] [ PARAM ] array (
)
[ error ] [0]致命错误: Class 'Send' not found[D:\phpstudy_pro\WWW\imooc_tp5\application\index\controller\Index.php:26]
---------------------------------------------------------------

[2023-02-12T15:36:34+08:00] 127.0.0.1 GET www.thinkphp5.com/index.php//index/Index/useNameSpace
[运行时间：0.015751s] [吞吐率：63.49req/s] [内存消耗：1,753.38kb] [文件加载：60]
[ info ] [ LANG ] D:\phpstudy_pro\WWW\imooc_tp5\thinkphp\lang\zh-cn.php
[ info ] [ ROUTE ] array (
)
[ info ] [ HEADER ] array (
  'accept-language' => 'zh-CN,zh;q=0.9',
  'accept-encoding' => 'gzip, deflate',
  'accept' => 'text/html,application/xhtml+xml,application/xml;q=0.9,image/avif,image/webp,image/apng,*/*;q=0.8,application/signed-exchange;v=b3;q=0.9',
  'user-agent' => 'Mozilla/5.0 (Windows NT 10.0; Win64; x64) AppleWebKit/537.36 (KHTML, like Gecko) Chrome/109.0.0.0 Safari/537.36',
  'upgrade-insecure-requests' => '1',
  'cache-control' => 'max-age=0',
  'connection' => 'keep-alive',
  'host' => 'www.thinkphp5.com',
  'content-length' => '',
  'content-type' => '',
)
[ info ] [ PARAM ] array (
)
[ error ] [0]致命错误: Class 'Send' not found[D:\phpstudy_pro\WWW\imooc_tp5\application\index\controller\Index.php:26]
---------------------------------------------------------------

[2023-02-12T15:36:34+08:00] 127.0.0.1 GET www.thinkphp5.com/index.php//index/Index/useNameSpace
[运行时间：0.015994s] [吞吐率：62.52req/s] [内存消耗：1,753.38kb] [文件加载：60]
[ info ] [ LANG ] D:\phpstudy_pro\WWW\imooc_tp5\thinkphp\lang\zh-cn.php
[ info ] [ ROUTE ] array (
)
[ info ] [ HEADER ] array (
  'accept-language' => 'zh-CN,zh;q=0.9',
  'accept-encoding' => 'gzip, deflate',
  'accept' => 'text/html,application/xhtml+xml,application/xml;q=0.9,image/avif,image/webp,image/apng,*/*;q=0.8,application/signed-exchange;v=b3;q=0.9',
  'user-agent' => 'Mozilla/5.0 (Windows NT 10.0; Win64; x64) AppleWebKit/537.36 (KHTML, like Gecko) Chrome/109.0.0.0 Safari/537.36',
  'upgrade-insecure-requests' => '1',
  'cache-control' => 'max-age=0',
  'connection' => 'keep-alive',
  'host' => 'www.thinkphp5.com',
  'content-length' => '',
  'content-type' => '',
)
[ info ] [ PARAM ] array (
)
[ error ] [0]致命错误: Class 'Send' not found[D:\phpstudy_pro\WWW\imooc_tp5\application\index\controller\Index.php:26]
---------------------------------------------------------------

[2023-02-12T15:36:35+08:00] 127.0.0.1 GET www.thinkphp5.com/index.php//index/Index/useNameSpace
[运行时间：0.014940s] [吞吐率：66.93req/s] [内存消耗：1,753.38kb] [文件加载：60]
[ info ] [ LANG ] D:\phpstudy_pro\WWW\imooc_tp5\thinkphp\lang\zh-cn.php
[ info ] [ ROUTE ] array (
)
[ info ] [ HEADER ] array (
  'accept-language' => 'zh-CN,zh;q=0.9',
  'accept-encoding' => 'gzip, deflate',
  'accept' => 'text/html,application/xhtml+xml,application/xml;q=0.9,image/avif,image/webp,image/apng,*/*;q=0.8,application/signed-exchange;v=b3;q=0.9',
  'user-agent' => 'Mozilla/5.0 (Windows NT 10.0; Win64; x64) AppleWebKit/537.36 (KHTML, like Gecko) Chrome/109.0.0.0 Safari/537.36',
  'upgrade-insecure-requests' => '1',
  'cache-control' => 'max-age=0',
  'connection' => 'keep-alive',
  'host' => 'www.thinkphp5.com',
  'content-length' => '',
  'content-type' => '',
)
[ info ] [ PARAM ] array (
)
[ error ] [0]致命错误: Class 'Send' not found[D:\phpstudy_pro\WWW\imooc_tp5\application\index\controller\Index.php:26]
---------------------------------------------------------------

[2023-02-12T15:37:07+08:00] 127.0.0.1 GET www.thinkphp5.com/index.php//index/Index/useNameSpace
[运行时间：0.018793s] [吞吐率：53.21req/s] [内存消耗：1,688.47kb] [文件加载：57]
[ info ] [ LANG ] D:\phpstudy_pro\WWW\imooc_tp5\thinkphp\lang\zh-cn.php
[ info ] [ ROUTE ] array (
)
[ info ] [ HEADER ] array (
  'accept-language' => 'zh-CN,zh;q=0.9',
  'accept-encoding' => 'gzip, deflate',
  'accept' => 'text/html,application/xhtml+xml,application/xml;q=0.9,image/avif,image/webp,image/apng,*/*;q=0.8,application/signed-exchange;v=b3;q=0.9',
  'user-agent' => 'Mozilla/5.0 (Windows NT 10.0; Win64; x64) AppleWebKit/537.36 (KHTML, like Gecko) Chrome/109.0.0.0 Safari/537.36',
  'upgrade-insecure-requests' => '1',
  'cache-control' => 'max-age=0',
  'connection' => 'keep-alive',
  'host' => 'www.thinkphp5.com',
  'content-length' => '',
  'content-type' => '',
)
[ info ] [ PARAM ] array (
)
---------------------------------------------------------------

[2023-02-12T15:37:09+08:00] 127.0.0.1 GET www.thinkphp5.com/index.php//index/Index/useNameSpace
[运行时间：0.017128s] [吞吐率：58.38req/s] [内存消耗：1,688.47kb] [文件加载：57]
[ info ] [ LANG ] D:\phpstudy_pro\WWW\imooc_tp5\thinkphp\lang\zh-cn.php
[ info ] [ ROUTE ] array (
)
[ info ] [ HEADER ] array (
  'accept-language' => 'zh-CN,zh;q=0.9',
  'accept-encoding' => 'gzip, deflate',
  'accept' => 'text/html,application/xhtml+xml,application/xml;q=0.9,image/avif,image/webp,image/apng,*/*;q=0.8,application/signed-exchange;v=b3;q=0.9',
  'user-agent' => 'Mozilla/5.0 (Windows NT 10.0; Win64; x64) AppleWebKit/537.36 (KHTML, like Gecko) Chrome/109.0.0.0 Safari/537.36',
  'upgrade-insecure-requests' => '1',
  'cache-control' => 'max-age=0',
  'connection' => 'keep-alive',
  'host' => 'www.thinkphp5.com',
  'content-length' => '',
  'content-type' => '',
)
[ info ] [ PARAM ] array (
)
---------------------------------------------------------------

[2023-02-12T15:37:20+08:00] 127.0.0.1 GET www.thinkphp5.com/index.php//index/Index/useNameSpace
[运行时间：0.015530s] [吞吐率：64.39req/s] [内存消耗：1,688.47kb] [文件加载：57]
[ info ] [ LANG ] D:\phpstudy_pro\WWW\imooc_tp5\thinkphp\lang\zh-cn.php
[ info ] [ ROUTE ] array (
)
[ info ] [ HEADER ] array (
  'accept-language' => 'zh-CN,zh;q=0.9',
  'accept-encoding' => 'gzip, deflate',
  'accept' => 'text/html,application/xhtml+xml,application/xml;q=0.9,image/avif,image/webp,image/apng,*/*;q=0.8,application/signed-exchange;v=b3;q=0.9',
  'user-agent' => 'Mozilla/5.0 (Windows NT 10.0; Win64; x64) AppleWebKit/537.36 (KHTML, like Gecko) Chrome/109.0.0.0 Safari/537.36',
  'upgrade-insecure-requests' => '1',
  'cache-control' => 'max-age=0',
  'connection' => 'keep-alive',
  'host' => 'www.thinkphp5.com',
  'content-length' => '',
  'content-type' => '',
)
[ info ] [ PARAM ] array (
)
---------------------------------------------------------------

[2023-02-12T15:46:35+08:00] 127.0.0.1 GET www.thinkphp5.com/index.php//index/Index/useNameSpace
[运行时间：0.014067s] [吞吐率：71.09req/s] [内存消耗：1,688.43kb] [文件加载：57]
[ info ] [ LANG ] D:\phpstudy_pro\WWW\imooc_tp5\thinkphp\lang\zh-cn.php
[ info ] [ ROUTE ] array (
)
[ info ] [ HEADER ] array (
  'accept-language' => 'zh-CN,zh;q=0.9',
  'accept-encoding' => 'gzip, deflate',
  'accept' => 'text/html,application/xhtml+xml,application/xml;q=0.9,image/avif,image/webp,image/apng,*/*;q=0.8,application/signed-exchange;v=b3;q=0.9',
  'user-agent' => 'Mozilla/5.0 (Windows NT 10.0; Win64; x64) AppleWebKit/537.36 (KHTML, like Gecko) Chrome/109.0.0.0 Safari/537.36',
  'upgrade-insecure-requests' => '1',
  'cache-control' => 'max-age=0',
  'connection' => 'keep-alive',
  'host' => 'www.thinkphp5.com',
  'content-length' => '',
  'content-type' => '',
)
[ info ] [ PARAM ] array (
)
---------------------------------------------------------------

[2023-02-12T15:47:01+08:00] 127.0.0.1 GET www.thinkphp5.com/index.php//index/Index/useNameSpace
[运行时间：0.015310s] [吞吐率：65.32req/s] [内存消耗：1,754.30kb] [文件加载：61]
[ info ] [ LANG ] D:\phpstudy_pro\WWW\imooc_tp5\thinkphp\lang\zh-cn.php
[ info ] [ ROUTE ] array (
)
[ info ] [ HEADER ] array (
  'accept-language' => 'zh-CN,zh;q=0.9',
  'accept-encoding' => 'gzip, deflate',
  'accept' => 'text/html,application/xhtml+xml,application/xml;q=0.9,image/avif,image/webp,image/apng,*/*;q=0.8,application/signed-exchange;v=b3;q=0.9',
  'user-agent' => 'Mozilla/5.0 (Windows NT 10.0; Win64; x64) AppleWebKit/537.36 (KHTML, like Gecko) Chrome/109.0.0.0 Safari/537.36',
  'upgrade-insecure-requests' => '1',
  'cache-control' => 'max-age=0',
  'connection' => 'keep-alive',
  'host' => 'www.thinkphp5.com',
  'content-length' => '',
  'content-type' => '',
)
[ info ] [ PARAM ] array (
)
[ error ] [0]致命错误: Class 'ali\Send' not found[D:\phpstudy_pro\WWW\imooc_tp5\application\index\controller\Index.php:27]
---------------------------------------------------------------

[2023-02-12T15:47:12+08:00] 127.0.0.1 GET www.thinkphp5.com/index.php//index/Index/useNameSpace
[运行时间：0.015406s] [吞吐率：64.91req/s] [内存消耗：1,753.38kb] [文件加载：60]
[ info ] [ LANG ] D:\phpstudy_pro\WWW\imooc_tp5\thinkphp\lang\zh-cn.php
[ info ] [ ROUTE ] array (
)
[ info ] [ HEADER ] array (
  'accept-language' => 'zh-CN,zh;q=0.9',
  'accept-encoding' => 'gzip, deflate',
  'accept' => 'text/html,application/xhtml+xml,application/xml;q=0.9,image/avif,image/webp,image/apng,*/*;q=0.8,application/signed-exchange;v=b3;q=0.9',
  'user-agent' => 'Mozilla/5.0 (Windows NT 10.0; Win64; x64) AppleWebKit/537.36 (KHTML, like Gecko) Chrome/109.0.0.0 Safari/537.36',
  'upgrade-insecure-requests' => '1',
  'cache-control' => 'max-age=0',
  'connection' => 'keep-alive',
  'host' => 'www.thinkphp5.com',
  'content-length' => '',
  'content-type' => '',
)
[ info ] [ PARAM ] array (
)
[ error ] [0]致命错误: Class 'Send' not found[D:\phpstudy_pro\WWW\imooc_tp5\application\index\controller\Index.php:27]
---------------------------------------------------------------

[2023-02-12T15:47:23+08:00] 127.0.0.1 GET www.thinkphp5.com/index.php//index/Index/useNameSpace
[运行时间：0.016885s] [吞吐率：59.22req/s] [内存消耗：1,754.30kb] [文件加载：61]
[ info ] [ LANG ] D:\phpstudy_pro\WWW\imooc_tp5\thinkphp\lang\zh-cn.php
[ info ] [ ROUTE ] array (
)
[ info ] [ HEADER ] array (
  'accept-language' => 'zh-CN,zh;q=0.9',
  'accept-encoding' => 'gzip, deflate',
  'accept' => 'text/html,application/xhtml+xml,application/xml;q=0.9,image/avif,image/webp,image/apng,*/*;q=0.8,application/signed-exchange;v=b3;q=0.9',
  'user-agent' => 'Mozilla/5.0 (Windows NT 10.0; Win64; x64) AppleWebKit/537.36 (KHTML, like Gecko) Chrome/109.0.0.0 Safari/537.36',
  'upgrade-insecure-requests' => '1',
  'cache-control' => 'max-age=0',
  'connection' => 'keep-alive',
  'host' => 'www.thinkphp5.com',
  'content-length' => '',
  'content-type' => '',
)
[ info ] [ PARAM ] array (
)
[ error ] [0]致命错误: Class 'ali\Send' not found[D:\phpstudy_pro\WWW\imooc_tp5\application\index\controller\Index.php:27]
---------------------------------------------------------------

[2023-02-12T15:47:24+08:00] 127.0.0.1 GET www.thinkphp5.com/index.php//index/Index/useNameSpace
[运行时间：0.016641s] [吞吐率：60.09req/s] [内存消耗：1,754.30kb] [文件加载：61]
[ info ] [ LANG ] D:\phpstudy_pro\WWW\imooc_tp5\thinkphp\lang\zh-cn.php
[ info ] [ ROUTE ] array (
)
[ info ] [ HEADER ] array (
  'accept-language' => 'zh-CN,zh;q=0.9',
  'accept-encoding' => 'gzip, deflate',
  'accept' => 'text/html,application/xhtml+xml,application/xml;q=0.9,image/avif,image/webp,image/apng,*/*;q=0.8,application/signed-exchange;v=b3;q=0.9',
  'user-agent' => 'Mozilla/5.0 (Windows NT 10.0; Win64; x64) AppleWebKit/537.36 (KHTML, like Gecko) Chrome/109.0.0.0 Safari/537.36',
  'upgrade-insecure-requests' => '1',
  'cache-control' => 'max-age=0',
  'connection' => 'keep-alive',
  'host' => 'www.thinkphp5.com',
  'content-length' => '',
  'content-type' => '',
)
[ info ] [ PARAM ] array (
)
[ error ] [0]致命错误: Class 'ali\Send' not found[D:\phpstudy_pro\WWW\imooc_tp5\application\index\controller\Index.php:27]
---------------------------------------------------------------

[2023-02-12T15:48:54+08:00] 127.0.0.1 GET www.thinkphp5.com/index.php//index/Index/useNameSpace
[运行时间：0.017116s] [吞吐率：58.42req/s] [内存消耗：1,753.48kb] [文件加载：60]
[ info ] [ LANG ] D:\phpstudy_pro\WWW\imooc_tp5\thinkphp\lang\zh-cn.php
[ info ] [ ROUTE ] array (
)
[ info ] [ HEADER ] array (
  'accept-language' => 'zh-CN,zh;q=0.9',
  'accept-encoding' => 'gzip, deflate',
  'accept' => 'text/html,application/xhtml+xml,application/xml;q=0.9,image/avif,image/webp,image/apng,*/*;q=0.8,application/signed-exchange;v=b3;q=0.9',
  'user-agent' => 'Mozilla/5.0 (Windows NT 10.0; Win64; x64) AppleWebKit/537.36 (KHTML, like Gecko) Chrome/109.0.0.0 Safari/537.36',
  'upgrade-insecure-requests' => '1',
  'cache-control' => 'max-age=0',
  'connection' => 'keep-alive',
  'host' => 'www.thinkphp5.com',
  'content-length' => '',
  'content-type' => '',
)
[ info ] [ PARAM ] array (
)
[ error ] [0]致命错误: Class 'app\index\controller\Send' not found[D:\phpstudy_pro\WWW\imooc_tp5\application\index\controller\Index.php:26]
---------------------------------------------------------------

[2023-02-12T15:48:55+08:00] 127.0.0.1 GET www.thinkphp5.com/index.php//index/Index/useNameSpace
[运行时间：0.016022s] [吞吐率：62.41req/s] [内存消耗：1,753.48kb] [文件加载：60]
[ info ] [ LANG ] D:\phpstudy_pro\WWW\imooc_tp5\thinkphp\lang\zh-cn.php
[ info ] [ ROUTE ] array (
)
[ info ] [ HEADER ] array (
  'accept-language' => 'zh-CN,zh;q=0.9',
  'accept-encoding' => 'gzip, deflate',
  'accept' => 'text/html,application/xhtml+xml,application/xml;q=0.9,image/avif,image/webp,image/apng,*/*;q=0.8,application/signed-exchange;v=b3;q=0.9',
  'user-agent' => 'Mozilla/5.0 (Windows NT 10.0; Win64; x64) AppleWebKit/537.36 (KHTML, like Gecko) Chrome/109.0.0.0 Safari/537.36',
  'upgrade-insecure-requests' => '1',
  'cache-control' => 'max-age=0',
  'connection' => 'keep-alive',
  'host' => 'www.thinkphp5.com',
  'content-length' => '',
  'content-type' => '',
)
[ info ] [ PARAM ] array (
)
[ error ] [0]致命错误: Class 'app\index\controller\Send' not found[D:\phpstudy_pro\WWW\imooc_tp5\application\index\controller\Index.php:26]
---------------------------------------------------------------

[2023-02-12T15:48:55+08:00] 127.0.0.1 GET www.thinkphp5.com/index.php//index/Index/useNameSpace
[运行时间：0.017519s] [吞吐率：57.08req/s] [内存消耗：1,753.48kb] [文件加载：60]
[ info ] [ LANG ] D:\phpstudy_pro\WWW\imooc_tp5\thinkphp\lang\zh-cn.php
[ info ] [ ROUTE ] array (
)
[ info ] [ HEADER ] array (
  'accept-language' => 'zh-CN,zh;q=0.9',
  'accept-encoding' => 'gzip, deflate',
  'accept' => 'text/html,application/xhtml+xml,application/xml;q=0.9,image/avif,image/webp,image/apng,*/*;q=0.8,application/signed-exchange;v=b3;q=0.9',
  'user-agent' => 'Mozilla/5.0 (Windows NT 10.0; Win64; x64) AppleWebKit/537.36 (KHTML, like Gecko) Chrome/109.0.0.0 Safari/537.36',
  'upgrade-insecure-requests' => '1',
  'cache-control' => 'max-age=0',
  'connection' => 'keep-alive',
  'host' => 'www.thinkphp5.com',
  'content-length' => '',
  'content-type' => '',
)
[ info ] [ PARAM ] array (
)
[ error ] [0]致命错误: Class 'app\index\controller\Send' not found[D:\phpstudy_pro\WWW\imooc_tp5\application\index\controller\Index.php:26]
---------------------------------------------------------------

[2023-02-12T15:48:55+08:00] 127.0.0.1 GET www.thinkphp5.com/index.php//index/Index/useNameSpace
[运行时间：0.017205s] [吞吐率：58.12req/s] [内存消耗：1,753.48kb] [文件加载：60]
[ info ] [ LANG ] D:\phpstudy_pro\WWW\imooc_tp5\thinkphp\lang\zh-cn.php
[ info ] [ ROUTE ] array (
)
[ info ] [ HEADER ] array (
  'accept-language' => 'zh-CN,zh;q=0.9',
  'accept-encoding' => 'gzip, deflate',
  'accept' => 'text/html,application/xhtml+xml,application/xml;q=0.9,image/avif,image/webp,image/apng,*/*;q=0.8,application/signed-exchange;v=b3;q=0.9',
  'user-agent' => 'Mozilla/5.0 (Windows NT 10.0; Win64; x64) AppleWebKit/537.36 (KHTML, like Gecko) Chrome/109.0.0.0 Safari/537.36',
  'upgrade-insecure-requests' => '1',
  'cache-control' => 'max-age=0',
  'connection' => 'keep-alive',
  'host' => 'www.thinkphp5.com',
  'content-length' => '',
  'content-type' => '',
)
[ info ] [ PARAM ] array (
)
[ error ] [0]致命错误: Class 'app\index\controller\Send' not found[D:\phpstudy_pro\WWW\imooc_tp5\application\index\controller\Index.php:26]
---------------------------------------------------------------

[2023-02-12T15:49:01+08:00] 127.0.0.1 GET www.thinkphp5.com/index.php//index/Index/useNameSpace
[运行时间：0.017015s] [吞吐率：58.77req/s] [内存消耗：1,687.41kb] [文件加载：57]
[ info ] [ LANG ] D:\phpstudy_pro\WWW\imooc_tp5\thinkphp\lang\zh-cn.php
[ info ] [ ROUTE ] array (
)
[ info ] [ HEADER ] array (
  'accept-language' => 'zh-CN,zh;q=0.9',
  'accept-encoding' => 'gzip, deflate',
  'accept' => 'text/html,application/xhtml+xml,application/xml;q=0.9,image/avif,image/webp,image/apng,*/*;q=0.8,application/signed-exchange;v=b3;q=0.9',
  'user-agent' => 'Mozilla/5.0 (Windows NT 10.0; Win64; x64) AppleWebKit/537.36 (KHTML, like Gecko) Chrome/109.0.0.0 Safari/537.36',
  'upgrade-insecure-requests' => '1',
  'cache-control' => 'max-age=0',
  'connection' => 'keep-alive',
  'host' => 'www.thinkphp5.com',
  'content-length' => '',
  'content-type' => '',
)
[ info ] [ PARAM ] array (
)
---------------------------------------------------------------

[2023-02-12T15:49:31+08:00] 127.0.0.1 GET www.thinkphp5.com/index.php//index/Index/useNameSpace
[运行时间：0.013752s] [吞吐率：72.72req/s] [内存消耗：1,753.50kb] [文件加载：60]
[ info ] [ LANG ] D:\phpstudy_pro\WWW\imooc_tp5\thinkphp\lang\zh-cn.php
[ info ] [ ROUTE ] array (
)
[ info ] [ HEADER ] array (
  'accept-language' => 'zh-CN,zh;q=0.9',
  'accept-encoding' => 'gzip, deflate',
  'accept' => 'text/html,application/xhtml+xml,application/xml;q=0.9,image/avif,image/webp,image/apng,*/*;q=0.8,application/signed-exchange;v=b3;q=0.9',
  'user-agent' => 'Mozilla/5.0 (Windows NT 10.0; Win64; x64) AppleWebKit/537.36 (KHTML, like Gecko) Chrome/109.0.0.0 Safari/537.36',
  'upgrade-insecure-requests' => '1',
  'cache-control' => 'max-age=0',
  'connection' => 'keep-alive',
  'host' => 'www.thinkphp5.com',
  'content-length' => '',
  'content-type' => '',
)
[ info ] [ PARAM ] array (
)
[ error ] [0]致命错误: Class 'app\index\controller\A' not found[D:\phpstudy_pro\WWW\imooc_tp5\application\index\controller\Index.php:26]
---------------------------------------------------------------

[2023-02-12T15:49:53+08:00] 127.0.0.1 GET www.thinkphp5.com/index.php//index/Index/useNameSpace
[运行时间：0.014491s] [吞吐率：69.01req/s] [内存消耗：1,687.41kb] [文件加载：57]
[ info ] [ LANG ] D:\phpstudy_pro\WWW\imooc_tp5\thinkphp\lang\zh-cn.php
[ info ] [ ROUTE ] array (
)
[ info ] [ HEADER ] array (
  'accept-language' => 'zh-CN,zh;q=0.9',
  'accept-encoding' => 'gzip, deflate',
  'accept' => 'text/html,application/xhtml+xml,application/xml;q=0.9,image/avif,image/webp,image/apng,*/*;q=0.8,application/signed-exchange;v=b3;q=0.9',
  'user-agent' => 'Mozilla/5.0 (Windows NT 10.0; Win64; x64) AppleWebKit/537.36 (KHTML, like Gecko) Chrome/109.0.0.0 Safari/537.36',
  'upgrade-insecure-requests' => '1',
  'cache-control' => 'max-age=0',
  'connection' => 'keep-alive',
  'host' => 'www.thinkphp5.com',
  'content-length' => '',
  'content-type' => '',
)
[ info ] [ PARAM ] array (
)
---------------------------------------------------------------

[2023-02-12T15:58:37+08:00] 127.0.0.1 GET www.thinkphp5.com/index.php//index/Index/useNameSpace
[运行时间：0.016889s] [吞吐率：59.21req/s] [内存消耗：1,687.94kb] [文件加载：57]
[ info ] [ LANG ] D:\phpstudy_pro\WWW\imooc_tp5\thinkphp\lang\zh-cn.php
[ info ] [ ROUTE ] array (
)
[ info ] [ HEADER ] array (
  'accept-language' => 'zh-CN,zh;q=0.9',
  'accept-encoding' => 'gzip, deflate',
  'accept' => 'text/html,application/xhtml+xml,application/xml;q=0.9,image/avif,image/webp,image/apng,*/*;q=0.8,application/signed-exchange;v=b3;q=0.9',
  'user-agent' => 'Mozilla/5.0 (Windows NT 10.0; Win64; x64) AppleWebKit/537.36 (KHTML, like Gecko) Chrome/109.0.0.0 Safari/537.36',
  'upgrade-insecure-requests' => '1',
  'cache-control' => 'max-age=0',
  'connection' => 'keep-alive',
  'host' => 'www.thinkphp5.com',
  'content-length' => '',
  'content-type' => '',
)
[ info ] [ PARAM ] array (
)
---------------------------------------------------------------

[2023-02-12T15:58:38+08:00] 127.0.0.1 GET www.thinkphp5.com/index.php//index/Index/useNameSpace
[运行时间：0.016703s] [吞吐率：59.87req/s] [内存消耗：1,687.94kb] [文件加载：57]
[ info ] [ LANG ] D:\phpstudy_pro\WWW\imooc_tp5\thinkphp\lang\zh-cn.php
[ info ] [ ROUTE ] array (
)
[ info ] [ HEADER ] array (
  'accept-language' => 'zh-CN,zh;q=0.9',
  'accept-encoding' => 'gzip, deflate',
  'accept' => 'text/html,application/xhtml+xml,application/xml;q=0.9,image/avif,image/webp,image/apng,*/*;q=0.8,application/signed-exchange;v=b3;q=0.9',
  'user-agent' => 'Mozilla/5.0 (Windows NT 10.0; Win64; x64) AppleWebKit/537.36 (KHTML, like Gecko) Chrome/109.0.0.0 Safari/537.36',
  'upgrade-insecure-requests' => '1',
  'cache-control' => 'max-age=0',
  'connection' => 'keep-alive',
  'host' => 'www.thinkphp5.com',
  'content-length' => '',
  'content-type' => '',
)
[ info ] [ PARAM ] array (
)
---------------------------------------------------------------

[2023-02-12T15:58:39+08:00] 127.0.0.1 GET www.thinkphp5.com/index.php//index/Index/useNameSpace
[运行时间：0.017990s] [吞吐率：55.59req/s] [内存消耗：1,687.94kb] [文件加载：57]
[ info ] [ LANG ] D:\phpstudy_pro\WWW\imooc_tp5\thinkphp\lang\zh-cn.php
[ info ] [ ROUTE ] array (
)
[ info ] [ HEADER ] array (
  'accept-language' => 'zh-CN,zh;q=0.9',
  'accept-encoding' => 'gzip, deflate',
  'accept' => 'text/html,application/xhtml+xml,application/xml;q=0.9,image/avif,image/webp,image/apng,*/*;q=0.8,application/signed-exchange;v=b3;q=0.9',
  'user-agent' => 'Mozilla/5.0 (Windows NT 10.0; Win64; x64) AppleWebKit/537.36 (KHTML, like Gecko) Chrome/109.0.0.0 Safari/537.36',
  'upgrade-insecure-requests' => '1',
  'cache-control' => 'max-age=0',
  'connection' => 'keep-alive',
  'host' => 'www.thinkphp5.com',
  'content-length' => '',
  'content-type' => '',
)
[ info ] [ PARAM ] array (
)
---------------------------------------------------------------

[2023-02-12T15:58:39+08:00] 127.0.0.1 GET www.thinkphp5.com/index.php//index/Index/useNameSpace
[运行时间：0.013086s] [吞吐率：76.42req/s] [内存消耗：1,687.94kb] [文件加载：57]
[ info ] [ LANG ] D:\phpstudy_pro\WWW\imooc_tp5\thinkphp\lang\zh-cn.php
[ info ] [ ROUTE ] array (
)
[ info ] [ HEADER ] array (
  'accept-language' => 'zh-CN,zh;q=0.9',
  'accept-encoding' => 'gzip, deflate',
  'accept' => 'text/html,application/xhtml+xml,application/xml;q=0.9,image/avif,image/webp,image/apng,*/*;q=0.8,application/signed-exchange;v=b3;q=0.9',
  'user-agent' => 'Mozilla/5.0 (Windows NT 10.0; Win64; x64) AppleWebKit/537.36 (KHTML, like Gecko) Chrome/109.0.0.0 Safari/537.36',
  'upgrade-insecure-requests' => '1',
  'cache-control' => 'max-age=0',
  'connection' => 'keep-alive',
  'host' => 'www.thinkphp5.com',
  'content-length' => '',
  'content-type' => '',
)
[ info ] [ PARAM ] array (
)
---------------------------------------------------------------

[2023-02-12T15:58:39+08:00] 127.0.0.1 GET www.thinkphp5.com/index.php//index/Index/useNameSpace
[运行时间：0.013304s] [吞吐率：75.17req/s] [内存消耗：1,687.94kb] [文件加载：57]
[ info ] [ LANG ] D:\phpstudy_pro\WWW\imooc_tp5\thinkphp\lang\zh-cn.php
[ info ] [ ROUTE ] array (
)
[ info ] [ HEADER ] array (
  'accept-language' => 'zh-CN,zh;q=0.9',
  'accept-encoding' => 'gzip, deflate',
  'accept' => 'text/html,application/xhtml+xml,application/xml;q=0.9,image/avif,image/webp,image/apng,*/*;q=0.8,application/signed-exchange;v=b3;q=0.9',
  'user-agent' => 'Mozilla/5.0 (Windows NT 10.0; Win64; x64) AppleWebKit/537.36 (KHTML, like Gecko) Chrome/109.0.0.0 Safari/537.36',
  'upgrade-insecure-requests' => '1',
  'cache-control' => 'max-age=0',
  'connection' => 'keep-alive',
  'host' => 'www.thinkphp5.com',
  'content-length' => '',
  'content-type' => '',
)
[ info ] [ PARAM ] array (
)
---------------------------------------------------------------

[2023-02-12T15:58:45+08:00] 127.0.0.1 GET www.thinkphp5.com/index.php//index/Index/useVender
[运行时间：0.026142s] [吞吐率：38.25req/s] [内存消耗：1,751.06kb] [文件加载：60]
[ info ] [ LANG ] D:\phpstudy_pro\WWW\imooc_tp5\thinkphp\lang\zh-cn.php
[ info ] [ ROUTE ] array (
)
[ info ] [ HEADER ] array (
  'accept-language' => 'zh-CN,zh;q=0.9',
  'accept-encoding' => 'gzip, deflate',
  'accept' => 'text/html,application/xhtml+xml,application/xml;q=0.9,image/avif,image/webp,image/apng,*/*;q=0.8,application/signed-exchange;v=b3;q=0.9',
  'user-agent' => 'Mozilla/5.0 (Windows NT 10.0; Win64; x64) AppleWebKit/537.36 (KHTML, like Gecko) Chrome/109.0.0.0 Safari/537.36',
  'upgrade-insecure-requests' => '1',
  'connection' => 'keep-alive',
  'host' => 'www.thinkphp5.com',
  'content-length' => '',
  'content-type' => '',
)
[ info ] [ PARAM ] array (
)
---------------------------------------------------------------

[2023-02-12T15:58:49+08:00] 127.0.0.1 GET www.thinkphp5.com/index.php//index/Index/useVendor
[运行时间：0.013286s] [吞吐率：75.27req/s] [内存消耗：1,753.81kb] [文件加载：60]
[ info ] [ LANG ] D:\phpstudy_pro\WWW\imooc_tp5\thinkphp\lang\zh-cn.php
[ info ] [ ROUTE ] array (
)
[ info ] [ HEADER ] array (
  'accept-language' => 'zh-CN,zh;q=0.9',
  'accept-encoding' => 'gzip, deflate',
  'accept' => 'text/html,application/xhtml+xml,application/xml;q=0.9,image/avif,image/webp,image/apng,*/*;q=0.8,application/signed-exchange;v=b3;q=0.9',
  'user-agent' => 'Mozilla/5.0 (Windows NT 10.0; Win64; x64) AppleWebKit/537.36 (KHTML, like Gecko) Chrome/109.0.0.0 Safari/537.36',
  'upgrade-insecure-requests' => '1',
  'connection' => 'keep-alive',
  'host' => 'www.thinkphp5.com',
  'content-length' => '',
  'content-type' => '',
)
[ info ] [ PARAM ] array (
)
[ error ] [0]致命错误: Class 'ali\Sms' not found[D:\phpstudy_pro\WWW\imooc_tp5\application\index\controller\Index.php:38]
---------------------------------------------------------------

[2023-02-12T15:59:15+08:00] 127.0.0.1 GET www.thinkphp5.com/index.php//index/Index/useVendor
[运行时间：0.016624s] [吞吐率：60.15req/s] [内存消耗：1,687.82kb] [文件加载：57]
[ info ] [ LANG ] D:\phpstudy_pro\WWW\imooc_tp5\thinkphp\lang\zh-cn.php
[ info ] [ ROUTE ] array (
)
[ info ] [ HEADER ] array (
  'accept-language' => 'zh-CN,zh;q=0.9',
  'accept-encoding' => 'gzip, deflate',
  'accept' => 'text/html,application/xhtml+xml,application/xml;q=0.9,image/avif,image/webp,image/apng,*/*;q=0.8,application/signed-exchange;v=b3;q=0.9',
  'user-agent' => 'Mozilla/5.0 (Windows NT 10.0; Win64; x64) AppleWebKit/537.36 (KHTML, like Gecko) Chrome/109.0.0.0 Safari/537.36',
  'upgrade-insecure-requests' => '1',
  'cache-control' => 'max-age=0',
  'connection' => 'keep-alive',
  'host' => 'www.thinkphp5.com',
  'content-length' => '',
  'content-type' => '',
)
[ info ] [ PARAM ] array (
)
---------------------------------------------------------------

[2023-02-12T16:47:41+08:00] 127.0.0.1 GET www.thinkphp5.com/index.php//index/Index/userObjArray
[运行时间：0.038687s] [吞吐率：25.85req/s] [内存消耗：1,690.92kb] [文件加载：57]
[ info ] [ LANG ] D:\phpstudy_pro\WWW\imooc_tp5\thinkphp\lang\zh-cn.php
[ info ] [ ROUTE ] array (
)
[ info ] [ HEADER ] array (
  'accept-language' => 'zh-CN,zh;q=0.9',
  'accept-encoding' => 'gzip, deflate',
  'accept' => 'text/html,application/xhtml+xml,application/xml;q=0.9,image/avif,image/webp,image/apng,*/*;q=0.8,application/signed-exchange;v=b3;q=0.9',
  'user-agent' => 'Mozilla/5.0 (Windows NT 10.0; Win64; x64) AppleWebKit/537.36 (KHTML, like Gecko) Chrome/109.0.0.0 Safari/537.36',
  'upgrade-insecure-requests' => '1',
  'connection' => 'keep-alive',
  'host' => 'www.thinkphp5.com',
  'content-length' => '',
  'content-type' => '',
)
[ info ] [ PARAM ] array (
)
---------------------------------------------------------------

[2023-02-12T16:47:49+08:00] 127.0.0.1 GET www.thinkphp5.com/index.php//index/Index/useObjArray
[运行时间：0.013145s] [吞吐率：76.07req/s] [内存消耗：1,690.91kb] [文件加载：57]
[ info ] [ LANG ] D:\phpstudy_pro\WWW\imooc_tp5\thinkphp\lang\zh-cn.php
[ info ] [ ROUTE ] array (
)
[ info ] [ HEADER ] array (
  'accept-language' => 'zh-CN,zh;q=0.9',
  'accept-encoding' => 'gzip, deflate',
  'accept' => 'text/html,application/xhtml+xml,application/xml;q=0.9,image/avif,image/webp,image/apng,*/*;q=0.8,application/signed-exchange;v=b3;q=0.9',
  'user-agent' => 'Mozilla/5.0 (Windows NT 10.0; Win64; x64) AppleWebKit/537.36 (KHTML, like Gecko) Chrome/109.0.0.0 Safari/537.36',
  'upgrade-insecure-requests' => '1',
  'connection' => 'keep-alive',
  'host' => 'www.thinkphp5.com',
  'content-length' => '',
  'content-type' => '',
)
[ info ] [ PARAM ] array (
)
---------------------------------------------------------------

[2023-02-12T17:18:39+08:00] 127.0.0.1 GET www.thinkphp5.com/index.php//index/Index/useNameSpace
[运行时间：0.015793s] [吞吐率：63.32req/s] [内存消耗：1,688.79kb] [文件加载：57]
[ info ] [ LANG ] D:\phpstudy_pro\WWW\imooc_tp5\thinkphp\lang\zh-cn.php
[ info ] [ ROUTE ] array (
)
[ info ] [ HEADER ] array (
  'accept-language' => 'zh-CN,zh;q=0.9',
  'accept-encoding' => 'gzip, deflate',
  'accept' => 'text/html,application/xhtml+xml,application/xml;q=0.9,image/avif,image/webp,image/apng,*/*;q=0.8,application/signed-exchange;v=b3;q=0.9',
  'user-agent' => 'Mozilla/5.0 (Windows NT 10.0; Win64; x64) AppleWebKit/537.36 (KHTML, like Gecko) Chrome/109.0.0.0 Safari/537.36',
  'upgrade-insecure-requests' => '1',
  'connection' => 'keep-alive',
  'host' => 'www.thinkphp5.com',
  'content-length' => '',
  'content-type' => '',
)
[ info ] [ PARAM ] array (
)
